Traceback (most recent call last):
  File "/home/eunsol/anaconda3/envs/allennlp/lib/python3.6/runpy.py", line 193, in _run_module_as_main
    "__main__", mod_spec)
  File "/home/eunsol/anaconda3/envs/allennlp/lib/python3.6/runpy.py", line 85, in _run_code
    exec(code, run_globals)
  File "/home/eunsol/Project/quac/allennlp-quac/allennlp/run.py", line 18, in <module>
    main(prog="allennlp")
  File "/home/eunsol/Project/quac/allennlp-quac/allennlp/commands/__init__.py", line 70, in main
    args.func(args)
  File "/home/eunsol/Project/quac/allennlp-quac/allennlp/commands/train.py", line 103, in train_model_from_args
    args.recover)
  File "/home/eunsol/Project/quac/allennlp-quac/allennlp/commands/train.py", line 133, in train_model_from_file
    return train_model(params, serialization_dir, file_friendly_logging, recover)
  File "/home/eunsol/Project/quac/allennlp-quac/allennlp/commands/train.py", line 264, in train_model
    all_datasets = datasets_from_params(params)
  File "/home/eunsol/Project/quac/allennlp-quac/allennlp/commands/train.py", line 140, in datasets_from_params
    dataset_reader = DatasetReader.from_params(params.pop('dataset_reader'))
  File "/home/eunsol/Project/quac/allennlp-quac/allennlp/common/from_params.py", line 246, in from_params
    return subclass.from_params(params=params, **extras)
  File "/home/eunsol/Project/quac/allennlp-quac/allennlp/data/dataset_readers/reading_comprehension/dqa_seq.py", line 139, in from_params
    token_indexers = TokenIndexer.dict_from_params(params.pop('token_indexers', {}))
AttributeError: type object 'TokenIndexer' has no attribute 'dict_from_params'
Traceback (most recent call last):
  File "/home/eunsol/anaconda3/envs/allennlp/lib/python3.6/runpy.py", line 193, in _run_module_as_main
    "__main__", mod_spec)
  File "/home/eunsol/anaconda3/envs/allennlp/lib/python3.6/runpy.py", line 85, in _run_code
    exec(code, run_globals)
  File "/home/eunsol/Project/quac/allennlp-quac/allennlp/run.py", line 18, in <module>
    main(prog="allennlp")
  File "/home/eunsol/Project/quac/allennlp-quac/allennlp/commands/__init__.py", line 70, in main
    args.func(args)
  File "/home/eunsol/Project/quac/allennlp-quac/allennlp/commands/train.py", line 103, in train_model_from_args
    args.recover)
  File "/home/eunsol/Project/quac/allennlp-quac/allennlp/commands/train.py", line 133, in train_model_from_file
    return train_model(params, serialization_dir, file_friendly_logging, recover)
  File "/home/eunsol/Project/quac/allennlp-quac/allennlp/commands/train.py", line 264, in train_model
    all_datasets = datasets_from_params(params)
  File "/home/eunsol/Project/quac/allennlp-quac/allennlp/commands/train.py", line 140, in datasets_from_params
    dataset_reader = DatasetReader.from_params(params.pop('dataset_reader'))
  File "/home/eunsol/Project/quac/allennlp-quac/allennlp/common/from_params.py", line 246, in from_params
    return subclass.from_params(params=params, **extras)
  File "/home/eunsol/Project/quac/allennlp-quac/allennlp/data/dataset_readers/reading_comprehension/dqa_seq.py", line 139, in from_params
    token_indexers = TokenIndexer.dict_from_params(params.pop('token_indexers', {}))
AttributeError: type object 'TokenIndexer' has no attribute 'dict_from_params'
0it [00:00, ?it/s]
1it [00:00,  1.92it/s]
11it [00:00, 17.49it/s]
20it [00:00, 27.27it/s]
27it [00:00, 32.35it/s]
36it [00:00, 38.08it/s]
45it [00:01, 42.82it/s]
54it [00:01, 46.89it/s]
63it [00:01, 50.29it/s]
73it [00:01, 53.79it/s]
83it [00:01, 56.81it/s]
93it [00:01, 59.50it/s]
104it [00:01, 62.04it/s]
114it [00:01, 63.82it/s]
124it [00:01, 65.68it/s]
134it [00:01, 67.37it/s]
145it [00:02, 69.08it/s]
156it [00:02, 70.81it/s]
166it [00:02, 72.04it/s]
176it [00:02, 73.11it/s]
186it [00:02, 74.16it/s]
197it [00:02, 75.26it/s]
207it [00:02, 76.14it/s]
220it [00:02, 77.93it/s]
232it [00:02, 79.30it/s]
243it [00:03, 80.31it/s]
254it [00:03, 80.90it/s]
265it [00:03, 81.31it/s]
277it [00:03, 82.29it/s]
288it [00:03, 82.96it/s]
299it [00:03, 81.07it/s]
309it [00:03, 81.54it/s]
320it [00:03, 82.14it/s]
330it [00:03, 82.54it/s]
340it [00:04, 82.86it/s]
351it [00:04, 83.36it/s]
361it [00:04, 83.72it/s]
372it [00:04, 84.21it/s]
382it [00:04, 84.41it/s]
393it [00:04, 84.83it/s]
404it [00:04, 85.34it/s]
415it [00:04, 85.48it/s]
426it [00:04, 85.91it/s]
437it [00:05, 86.25it/s]
449it [00:05, 86.75it/s]
460it [00:05, 87.01it/s]
471it [00:05, 87.09it/s]
482it [00:05, 87.44it/s]
493it [00:05, 87.52it/s]
504it [00:05, 87.82it/s]
517it [00:05, 88.41it/s]
528it [00:05, 88.77it/s]
540it [00:06, 89.14it/s]
552it [00:06, 89.49it/s]
564it [00:06, 89.97it/s]
576it [00:06, 90.22it/s]
588it [00:06, 90.64it/s]
601it [00:06, 91.15it/s]
613it [00:06, 91.33it/s]
625it [00:06, 91.63it/s]
637it [00:06, 91.80it/s]
649it [00:07, 92.18it/s]
661it [00:07, 92.46it/s]
673it [00:07, 92.76it/s]
685it [00:07, 93.10it/s]
697it [00:07, 93.37it/s]
709it [00:07, 93.65it/s]
721it [00:07, 93.90it/s]
733it [00:07, 94.04it/s]
745it [00:07, 94.29it/s]
757it [00:08, 94.54it/s]
769it [00:08, 94.71it/s]
781it [00:08, 94.93it/s]
793it [00:08, 95.16it/s]
805it [00:08, 95.35it/s]
817it [00:08, 95.54it/s]
829it [00:08, 95.54it/s]
841it [00:08, 95.71it/s]
853it [00:08, 95.91it/s]
864it [00:09, 95.97it/s]
875it [00:09, 96.07it/s]
886it [00:09, 96.19it/s]
897it [00:09, 96.32it/s]
908it [00:09, 96.39it/s]
920it [00:09, 96.57it/s]
931it [00:09, 96.62it/s]
942it [00:09, 96.73it/s]
953it [00:09, 96.75it/s]
965it [00:09, 96.96it/s]
976it [00:10, 96.99it/s]
988it [00:10, 97.18it/s]
999it [00:10, 97.28it/s]
1011it [00:10, 97.48it/s]
1023it [00:10, 97.51it/s]
1034it [00:10, 97.56it/s]
1046it [00:10, 97.73it/s]
1057it [00:10, 97.74it/s]
1068it [00:10, 97.75it/s]
1080it [00:11, 97.89it/s]
1092it [00:11, 97.99it/s]
1105it [00:11, 98.21it/s]
1117it [00:11, 98.35it/s]
1129it [00:11, 98.40it/s]
1140it [00:11, 98.45it/s]
1152it [00:11, 98.56it/s]
1163it [00:11, 98.59it/s]
1174it [00:11, 98.54it/s]
1185it [00:12, 98.56it/s]
1196it [00:12, 98.62it/s]
1208it [00:12, 98.73it/s]
1220it [00:12, 98.86it/s]
1232it [00:12, 99.01it/s]
1244it [00:12, 99.09it/s]
1255it [00:12, 99.05it/s]
1267it [00:12, 99.15it/s]
1278it [00:12, 99.23it/s]
1289it [00:12, 99.22it/s]
1300it [00:13, 99.26it/s]
1311it [00:13, 99.30it/s]
1322it [00:13, 99.28it/s]
1335it [00:13, 99.47it/s]
1348it [00:13, 99.65it/s]
1360it [00:13, 99.74it/s]
1373it [00:13, 99.93it/s]
1385it [00:13, 100.00it/s]
1397it [00:13, 100.05it/s]
1409it [00:14, 99.34it/s] 
1420it [00:14, 99.37it/s]
1431it [00:14, 99.44it/s]
1442it [00:14, 99.43it/s]
1454it [00:14, 99.50it/s]
1465it [00:14, 99.56it/s]
1476it [00:14, 99.62it/s]
1488it [00:14, 99.74it/s]
1501it [00:15, 99.91it/s]
1513it [00:15, 99.95it/s]
1525it [00:15, 100.03it/s]
1537it [00:15, 100.04it/s]
1549it [00:15, 100.14it/s]
1561it [00:15, 100.25it/s]
1573it [00:15, 100.19it/s]
1584it [00:15, 100.19it/s]
1596it [00:15, 100.29it/s]
1608it [00:16, 100.40it/s]
1620it [00:16, 100.49it/s]
1634it [00:16, 100.67it/s]
1646it [00:16, 100.65it/s]
1658it [00:16, 100.68it/s]
1670it [00:16, 100.76it/s]
1682it [00:16, 100.83it/s]
1694it [00:16, 100.87it/s]
1707it [00:16, 101.04it/s]
1719it [00:16, 101.13it/s]
1731it [00:17, 101.21it/s]
1743it [00:17, 101.23it/s]
1755it [00:17, 101.24it/s]
1766it [00:17, 101.27it/s]
1778it [00:17, 101.36it/s]
1790it [00:17, 101.45it/s]
1803it [00:17, 101.55it/s]
1815it [00:17, 101.62it/s]
1827it [00:17, 101.70it/s]
1839it [00:18, 101.75it/s]
1851it [00:18, 101.78it/s]
1863it [00:18, 101.82it/s]
1875it [00:18, 101.85it/s]
1886it [00:18, 101.85it/s]
1898it [00:18, 101.93it/s]
1910it [00:18, 101.99it/s]
1922it [00:18, 102.03it/s]
1934it [00:18, 102.05it/s]
1946it [00:19, 102.14it/s]
1958it [00:19, 102.14it/s]
1969it [00:19, 102.12it/s]
1980it [00:19, 102.14it/s]
1992it [00:19, 102.20it/s]
2003it [00:19, 102.14it/s]
2015it [00:19, 102.23it/s]
2027it [00:19, 102.30it/s]
2039it [00:19, 102.36it/s]
2051it [00:20, 102.38it/s]
2062it [00:20, 102.37it/s]
2073it [00:20, 102.40it/s]
2084it [00:20, 102.44it/s]
2096it [00:20, 102.50it/s]
2108it [00:20, 102.55it/s]
2120it [00:20, 102.62it/s]
2132it [00:20, 102.65it/s]
2144it [00:20, 102.65it/s]
2156it [00:20, 102.71it/s]
2168it [00:21, 102.71it/s]
2179it [00:21, 102.75it/s]
2190it [00:21, 102.74it/s]
2201it [00:21, 102.75it/s]
2213it [00:21, 102.80it/s]
2224it [00:21, 102.75it/s]
2236it [00:21, 102.82it/s]
2249it [00:21, 102.93it/s]
2261it [00:21, 102.99it/s]
2273it [00:22, 103.00it/s]
2285it [00:22, 103.02it/s]
2298it [00:22, 103.10it/s]
2310it [00:22, 103.15it/s]
2322it [00:22, 103.20it/s]
2334it [00:22, 103.23it/s]
2346it [00:22, 103.23it/s]
2359it [00:22, 103.34it/s]
2371it [00:22, 103.38it/s]
2383it [00:23, 103.40it/s]
2395it [00:23, 103.44it/s]
2407it [00:23, 103.48it/s]
2419it [00:23, 103.54it/s]
2431it [00:23, 103.58it/s]
2443it [00:23, 103.61it/s]
2455it [00:23, 103.66it/s]
2467it [00:23, 103.68it/s]
2480it [00:23, 103.77it/s]
2492it [00:24, 103.79it/s]
2504it [00:24, 103.85it/s]
2516it [00:24, 103.84it/s]
2528it [00:24, 103.43it/s]
2538it [00:24, 103.41it/s]
2549it [00:24, 103.41it/s]
2561it [00:24, 103.44it/s]
2572it [00:24, 103.47it/s]
2583it [00:24, 103.48it/s]
2595it [00:25, 103.52it/s]
2607it [00:25, 103.58it/s]
2619it [00:25, 103.60it/s]
2630it [00:25, 103.59it/s]
2642it [00:25, 103.61it/s]
2654it [00:25, 103.65it/s]
2665it [00:25, 103.63it/s]
2677it [00:25, 103.66it/s]
2689it [00:25, 103.70it/s]
2700it [00:26, 103.70it/s]
2711it [00:26, 103.70it/s]
2724it [00:26, 103.77it/s]
2738it [00:26, 103.88it/s]
2750it [00:26, 103.93it/s]
2762it [00:26, 103.95it/s]
2774it [00:26, 103.99it/s]
2786it [00:26, 103.99it/s]
2798it [00:26, 104.03it/s]
2810it [00:26, 104.08it/s]
2822it [00:27, 104.10it/s]
2834it [00:27, 104.07it/s]
2845it [00:27, 104.07it/s]
2856it [00:27, 104.08it/s]
2868it [00:27, 104.12it/s]
2879it [00:27, 104.14it/s]
2891it [00:27, 104.18it/s]
2903it [00:27, 104.18it/s]
2916it [00:27, 104.26it/s]
2928it [00:28, 104.26it/s]
2940it [00:28, 104.27it/s]
2952it [00:28, 104.31it/s]
2964it [00:28, 104.35it/s]
2976it [00:28, 104.40it/s]
2988it [00:28, 104.44it/s]
3001it [00:28, 104.52it/s]
3013it [00:28, 104.50it/s]
3025it [00:28, 104.48it/s]
3038it [00:29, 104.55it/s]
3050it [00:29, 104.55it/s]
3062it [00:29, 104.59it/s]
3074it [00:29, 104.61it/s]
3086it [00:29, 104.62it/s]
3098it [00:29, 104.64it/s]
3111it [00:29, 104.69it/s]
3123it [00:29, 104.70it/s]
3135it [00:29, 104.72it/s]
3147it [00:30, 104.74it/s]
3159it [00:30, 104.74it/s]
3170it [00:30, 104.75it/s]
3181it [00:30, 104.75it/s]
3193it [00:30, 104.78it/s]
3204it [00:30, 104.79it/s]
3216it [00:30, 104.82it/s]
3229it [00:30, 104.88it/s]
3241it [00:30, 104.89it/s]
3253it [00:31, 104.91it/s]
3265it [00:31, 104.94it/s]
3278it [00:31, 105.01it/s]
3290it [00:31, 105.00it/s]
3302it [00:31, 104.99it/s]
3314it [00:31, 105.02it/s]
3326it [00:31, 105.03it/s]
3339it [00:31, 105.08it/s]
3352it [00:31, 105.14it/s]
3364it [00:31, 105.17it/s]
3376it [00:32, 105.21it/s]
3388it [00:32, 105.24it/s]
3401it [00:32, 105.29it/s]
3413it [00:32, 105.31it/s]
3425it [00:32, 105.32it/s]
3437it [00:32, 105.34it/s]
3449it [00:32, 105.33it/s]
3462it [00:32, 105.38it/s]
3474it [00:32, 105.42it/s]
3486it [00:33, 105.36it/s]
3499it [00:33, 105.40it/s]
3511it [00:33, 105.42it/s]
3523it [00:33, 105.45it/s]
3535it [00:33, 105.46it/s]
3547it [00:33, 105.49it/s]
3559it [00:33, 105.50it/s]
3571it [00:33, 105.50it/s]
3583it [00:33, 105.53it/s]
3595it [00:34, 105.24it/s]
3606it [00:34, 105.25it/s]
3618it [00:34, 105.29it/s]
3630it [00:34, 105.33it/s]
3642it [00:34, 105.35it/s]
3654it [00:34, 105.36it/s]
3668it [00:34, 105.43it/s]
3680it [00:34, 105.47it/s]
3693it [00:34, 105.51it/s]
3705it [00:35, 105.52it/s]
3717it [00:35, 105.54it/s]
3729it [00:35, 105.54it/s]
3742it [00:35, 105.60it/s]
3754it [00:35, 105.62it/s]
3767it [00:35, 105.69it/s]
3779it [00:35, 105.71it/s]
3791it [00:35, 105.70it/s]
3803it [00:35, 105.68it/s]
3816it [00:36, 105.75it/s]
3828it [00:36, 105.72it/s]
3840it [00:36, 105.74it/s]
3852it [00:36, 105.75it/s]
3864it [00:36, 105.78it/s]
3876it [00:36, 105.79it/s]
3888it [00:36, 105.83it/s]
3900it [00:36, 105.85it/s]
3913it [00:36, 105.90it/s]
3925it [00:37, 105.93it/s]
3937it [00:37, 105.93it/s]
3949it [00:37, 105.93it/s]
3961it [00:37, 105.96it/s]
3973it [00:37, 105.96it/s]
3985it [00:37, 105.96it/s]
3997it [00:37, 105.98it/s]
4009it [00:37, 105.99it/s]
4021it [00:37, 106.02it/s]
4033it [00:38, 106.04it/s]
4045it [00:38, 106.04it/s]
4057it [00:38, 106.04it/s]
4070it [00:38, 106.08it/s]
4083it [00:38, 106.13it/s]
4095it [00:38, 106.14it/s]
4107it [00:38, 106.17it/s]
4120it [00:38, 106.22it/s]
4132it [00:38, 106.26it/s]
4144it [00:38, 106.27it/s]
4157it [00:39, 106.32it/s]
4169it [00:39, 106.31it/s]
4181it [00:39, 106.32it/s]
4193it [00:39, 106.32it/s]
4206it [00:39, 106.38it/s]
4220it [00:39, 106.44it/s]
4233it [00:39, 106.48it/s]
4246it [00:39, 106.51it/s]
4258it [00:39, 106.52it/s]
4270it [00:40, 106.53it/s]
4282it [00:40, 106.54it/s]
4295it [00:40, 106.60it/s]
4307it [00:40, 106.59it/s]
4319it [00:40, 106.60it/s]
4331it [00:40, 106.62it/s]
4343it [00:40, 106.64it/s]
4355it [00:40, 106.66it/s]
4368it [00:40, 106.71it/s]
4380it [00:41, 106.71it/s]
4392it [00:41, 106.72it/s]
4404it [00:41, 106.72it/s]
4417it [00:41, 106.75it/s]
4429it [00:41, 106.77it/s]
4442it [00:41, 106.82it/s]
4454it [00:41, 106.84it/s]
4466it [00:41, 106.84it/s]
4478it [00:41, 106.84it/s]
4490it [00:42, 106.85it/s]
4502it [00:42, 106.85it/s]
4514it [00:42, 106.86it/s]
4527it [00:42, 106.92it/s]
4539it [00:42, 106.92it/s]
4551it [00:42, 106.94it/s]
4563it [00:42, 106.95it/s]
4575it [00:42, 106.98it/s]
4587it [00:42, 107.00it/s]
4599it [00:42, 107.00it/s]
4612it [00:43, 107.03it/s]
4624it [00:43, 107.05it/s]
4636it [00:43, 107.01it/s]
4648it [00:43, 107.04it/s]
4661it [00:43, 107.07it/s]
4673it [00:43, 107.05it/s]
4686it [00:43, 107.10it/s]
4699it [00:43, 107.14it/s]
4712it [00:43, 107.17it/s]
4724it [00:44, 106.95it/s]
4737it [00:44, 106.98it/s]
4749it [00:44, 107.00it/s]
4760it [00:44, 106.98it/s]
4771it [00:44, 106.99it/s]
4784it [00:44, 107.03it/s]
4798it [00:44, 107.08it/s]
4811it [00:44, 107.11it/s]
4823it [00:45, 107.12it/s]
4835it [00:45, 107.12it/s]
4847it [00:45, 107.12it/s]
4859it [00:45, 107.10it/s]
4870it [00:45, 107.09it/s]
4882it [00:45, 107.12it/s]
4894it [00:45, 107.10it/s]
4906it [00:45, 107.11it/s]
4917it [00:45, 107.10it/s]
4929it [00:46, 107.13it/s]
4941it [00:46, 107.15it/s]
4953it [00:46, 107.15it/s]
4965it [00:46, 107.17it/s]
4977it [00:46, 107.19it/s]
4989it [00:46, 107.22it/s]
5002it [00:46, 107.24it/s]
5014it [00:46, 107.27it/s]
5026it [00:46, 107.28it/s]
5038it [00:46, 107.30it/s]
5051it [00:47, 107.32it/s]
5063it [00:47, 107.35it/s]
5075it [00:47, 107.37it/s]
5087it [00:47, 107.37it/s]
5099it [00:47, 107.36it/s]
5111it [00:47, 107.35it/s]
5122it [00:47, 107.35it/s]
5134it [00:47, 107.36it/s]
5147it [00:47, 107.39it/s]
5159it [00:48, 107.40it/s]
5172it [00:48, 107.44it/s]
5184it [00:48, 107.44it/s]
5197it [00:48, 107.48it/s]
5210it [00:48, 107.51it/s]
5222it [00:48, 107.53it/s]
5234it [00:48, 107.52it/s]
5246it [00:48, 107.53it/s]
5258it [00:48, 107.53it/s]
5271it [00:49, 107.57it/s]
5283it [00:49, 107.58it/s]
5295it [00:49, 107.57it/s]
5308it [00:49, 107.59it/s]
5321it [00:49, 107.64it/s]
5333it [00:49, 107.65it/s]
5345it [00:49, 107.65it/s]
5357it [00:49, 107.65it/s]
5371it [00:49, 107.69it/s]
5383it [00:49, 107.70it/s]
5396it [00:50, 107.74it/s]
5409it [00:50, 107.77it/s]
5422it [00:50, 107.81it/s]
5435it [00:50, 107.84it/s]
5448it [00:50, 107.83it/s]
5460it [00:50, 107.85it/s]
5472it [00:50, 107.85it/s]
5484it [00:50, 107.86it/s]
5496it [00:50, 107.88it/s]
5508it [00:51, 107.90it/s]
5521it [00:51, 107.93it/s]
5534it [00:51, 107.97it/s]
5547it [00:51, 107.98it/s]
5559it [00:51, 107.96it/s]
5571it [00:51, 107.96it/s]
5584it [00:51, 107.99it/s]
5596it [00:51, 108.01it/s]
5609it [00:51, 108.05it/s]
5621it [00:52, 108.04it/s]
5634it [00:52, 108.07it/s]
5646it [00:52, 108.08it/s]
5658it [00:52, 108.09it/s]
5670it [00:52, 108.08it/s]
5683it [00:52, 108.12it/s]
5695it [00:52, 108.12it/s]
5707it [00:52, 108.10it/s]
5719it [00:52, 108.10it/s]
5730it [00:53, 108.10it/s]
5742it [00:53, 108.12it/s]
5754it [00:53, 108.11it/s]
5765it [00:53, 108.08it/s]
5776it [00:53, 108.05it/s]
5788it [00:53, 108.06it/s]
5799it [00:53, 107.86it/s]
5811it [00:53, 107.88it/s]
5824it [00:53, 107.90it/s]
5836it [00:54, 107.92it/s]
5847it [00:54, 107.93it/s]
5859it [00:54, 107.94it/s]
5872it [00:54, 107.97it/s]
5884it [00:54, 107.99it/s]
5896it [00:54, 107.98it/s]
5908it [00:54, 108.00it/s]
5920it [00:54, 108.00it/s]
5932it [00:54, 108.01it/s]
5944it [00:55, 108.00it/s]
5957it [00:55, 108.03it/s]
5970it [00:55, 108.07it/s]
5982it [00:55, 108.07it/s]
5994it [00:55, 108.06it/s]
6006it [00:55, 108.05it/s]
6018it [00:55, 108.06it/s]
6030it [00:55, 108.08it/s]
6042it [00:55, 108.05it/s]
6053it [00:56, 108.04it/s]
6064it [00:56, 108.04it/s]
6075it [00:56, 108.04it/s]
6087it [00:56, 108.06it/s]
6099it [00:56, 108.06it/s]
6111it [00:56, 108.06it/s]
6125it [00:56, 108.10it/s]
6137it [00:56, 108.11it/s]
6149it [00:56, 108.12it/s]
6162it [00:56, 108.14it/s]
6174it [00:57, 108.13it/s]
6187it [00:57, 108.16it/s]
6199it [00:57, 108.17it/s]
6211it [00:57, 108.17it/s]
6223it [00:57, 108.19it/s]
6236it [00:57, 108.21it/s]
6248it [00:57, 108.20it/s]
6260it [00:57, 108.20it/s]
6273it [00:57, 108.22it/s]
6285it [00:58, 108.22it/s]
6297it [00:58, 108.23it/s]
6309it [00:58, 108.24it/s]
6321it [00:58, 108.23it/s]
6333it [00:58, 108.24it/s]
6345it [00:58, 108.24it/s]
6357it [00:58, 108.26it/s]
6369it [00:58, 108.27it/s]
6381it [00:58, 108.29it/s]
6393it [00:59, 108.31it/s]
6405it [00:59, 108.32it/s]
6417it [00:59, 108.31it/s]
6429it [00:59, 108.29it/s]
6442it [00:59, 108.32it/s]
6456it [00:59, 108.35it/s]
6469it [00:59, 108.38it/s]
6481it [00:59, 108.39it/s]
6494it [00:59, 108.41it/s]
6507it [01:00, 108.43it/s]
6520it [01:00, 108.46it/s]
6533it [01:00, 108.48it/s]
6547it [01:00, 108.52it/s]
6560it [01:00, 108.54it/s]
6573it [01:00, 108.57it/s]
6586it [01:00, 108.57it/s]
6598it [01:00, 108.57it/s]
6611it [01:00, 108.59it/s]
6623it [01:00, 108.60it/s]
6635it [01:01, 108.60it/s]
6647it [01:01, 108.61it/s]
6659it [01:01, 108.61it/s]
6671it [01:01, 108.62it/s]
6683it [01:01, 108.60it/s]
6696it [01:01, 108.63it/s]
6708it [01:01, 108.65it/s]
6720it [01:01, 108.66it/s]
6732it [01:01, 108.66it/s]
6744it [01:02, 108.66it/s]
6756it [01:02, 108.65it/s]
6769it [01:02, 108.68it/s]
6781it [01:02, 108.67it/s]
6794it [01:02, 108.70it/s]
6807it [01:02, 108.71it/s]
6819it [01:02, 108.72it/s]
6831it [01:02, 108.73it/s]
6845it [01:02, 108.77it/s]
6857it [01:03, 108.78it/s]
6870it [01:03, 108.80it/s]
6883it [01:03, 108.83it/s]
6896it [01:03, 108.66it/s]
6907it [01:03, 108.66it/s]
6918it [01:03, 108.65it/s]
6930it [01:03, 108.66it/s]
6943it [01:03, 108.68it/s]
6955it [01:03, 108.69it/s]
6967it [01:04, 108.68it/s]
6980it [01:04, 108.71it/s]
6992it [01:04, 108.72it/s]
7004it [01:04, 108.71it/s]
7016it [01:04, 108.71it/s]
7029it [01:04, 108.74it/s]
7042it [01:04, 108.76it/s]
7055it [01:04, 108.79it/s]
7068it [01:04, 108.81it/s]
7081it [01:05, 108.81it/s]
7094it [01:05, 108.84it/s]
7107it [01:05, 108.86it/s]
7120it [01:05, 108.86it/s]
7133it [01:05, 108.88it/s]
7145it [01:05, 108.89it/s]
7157it [01:05, 108.90it/s]
7170it [01:05, 108.93it/s]
7182it [01:05, 108.92it/s]
7194it [01:06, 108.91it/s]
7206it [01:06, 108.92it/s]
7219it [01:06, 108.95it/s]
7231it [01:06, 108.95it/s]
7243it [01:06, 108.95it/s]
7256it [01:06, 108.97it/s]
7269it [01:06, 108.99it/s]
7281it [01:06, 109.00it/s]
7294it [01:06, 109.03it/s]
7307it [01:07, 109.04it/s]
7319it [01:07, 109.06it/s]
7331it [01:07, 109.05it/s]
7345it [01:07, 109.09it/s]
7358it [01:07, 109.11it/s]
7371it [01:07, 109.13it/s]
7384it [01:07, 109.13it/s]
7396it [01:07, 109.14it/s]
7409it [01:07, 109.16it/s]
7423it [01:07, 109.19it/s]
7436it [01:08, 109.22it/s]
7449it [01:08, 109.22it/s]
7461it [01:08, 109.22it/s]
7473it [01:08, 109.22it/s]
7486it [01:08, 109.24it/s]
7500it [01:08, 109.28it/s]
7513it [01:08, 109.30it/s]
7526it [01:08, 109.30it/s]
7539it [01:08, 109.32it/s]
7552it [01:09, 109.34it/s]
7565it [01:09, 109.34it/s]
7577it [01:09, 109.34it/s]
7589it [01:09, 109.35it/s]
7601it [01:09, 109.35it/s]
7613it [01:09, 109.36it/s]
7626it [01:09, 109.38it/s]
7639it [01:09, 109.40it/s]
7652it [01:09, 109.43it/s]
7665it [01:10, 109.42it/s]
7677it [01:10, 109.42it/s]
7689it [01:10, 109.43it/s]
7702it [01:10, 109.44it/s]
7714it [01:10, 109.44it/s]
7726it [01:10, 109.43it/s]
7738it [01:10, 109.43it/s]
7751it [01:10, 109.45it/s]
7763it [01:10, 109.45it/s]
7776it [01:11, 109.47it/s]
7788it [01:11, 109.45it/s]
7800it [01:11, 109.46it/s]
7812it [01:11, 109.46it/s]
7824it [01:11, 109.46it/s]
7837it [01:11, 109.48it/s]
7849it [01:11, 109.49it/s]
7861it [01:11, 109.50it/s]
7873it [01:11, 109.49it/s]
7885it [01:12, 109.50it/s]
7898it [01:12, 109.52it/s]
7911it [01:12, 109.55it/s]
7924it [01:12, 109.54it/s]
7936it [01:12, 109.55it/s]
7948it [01:12, 109.55it/s]
7960it [01:12, 109.55it/s]
7972it [01:12, 109.55it/s]
7984it [01:12, 109.54it/s]
7995it [01:12, 109.54it/s]
8006it [01:13, 109.39it/s]
8017it [01:13, 109.38it/s]
8029it [01:13, 109.38it/s]
8042it [01:13, 109.39it/s]
8054it [01:13, 109.40it/s]
8066it [01:13, 109.41it/s]
8078it [01:13, 109.42it/s]
8090it [01:13, 109.43it/s]
8103it [01:14, 109.45it/s]
8115it [01:14, 109.46it/s]
8127it [01:14, 109.47it/s]
8139it [01:14, 109.46it/s]
8151it [01:14, 109.46it/s]
8163it [01:14, 109.46it/s]
8175it [01:14, 109.44it/s]
8187it [01:14, 109.44it/s]
8199it [01:14, 109.44it/s]
8210it [01:15, 109.42it/s]
8222it [01:15, 109.42it/s]
8236it [01:15, 109.46it/s]
8248it [01:15, 109.47it/s]
8260it [01:15, 109.47it/s]
8272it [01:15, 109.47it/s]
8284it [01:15, 109.48it/s]
8296it [01:15, 109.47it/s]
8309it [01:15, 109.48it/s]
8321it [01:15, 109.49it/s]
8333it [01:16, 109.49it/s]
8345it [01:16, 109.49it/s]
8357it [01:16, 109.50it/s]
8370it [01:16, 109.53it/s]
8382it [01:16, 109.54it/s]
8395it [01:16, 109.55it/s]
8407it [01:16, 109.54it/s]
8419it [01:16, 109.54it/s]
8431it [01:16, 109.56it/s]
8444it [01:17, 109.57it/s]
8456it [01:17, 109.57it/s]
8469it [01:17, 109.59it/s]
8483it [01:17, 109.62it/s]
8496it [01:17, 109.64it/s]
8509it [01:17, 109.64it/s]
8521it [01:17, 109.64it/s]
8533it [01:17, 109.65it/s]
8546it [01:17, 109.66it/s]
8560it [01:18, 109.69it/s]
8573it [01:18, 109.69it/s]
8585it [01:18, 109.70it/s]
8597it [01:18, 109.69it/s]
8609it [01:18, 109.69it/s]
8621it [01:18, 109.70it/s]
8633it [01:18, 109.71it/s]
8645it [01:18, 109.71it/s]
8657it [01:18, 109.71it/s]
8670it [01:19, 109.73it/s]
8682it [01:19, 109.72it/s]
8694it [01:19, 109.72it/s]
8707it [01:19, 109.74it/s]
8719it [01:19, 109.74it/s]
8731it [01:19, 109.74it/s]
8743it [01:19, 109.73it/s]
8756it [01:19, 109.74it/s]
8769it [01:19, 109.76it/s]
8781it [01:19, 109.77it/s]
8793it [01:20, 109.77it/s]
8806it [01:20, 109.79it/s]
8818it [01:20, 109.78it/s]
8830it [01:20, 109.78it/s]
8843it [01:20, 109.79it/s]
8855it [01:20, 109.80it/s]
8867it [01:20, 109.81it/s]
8879it [01:20, 109.81it/s]
8891it [01:20, 109.81it/s]
8904it [01:21, 109.83it/s]
8917it [01:21, 109.85it/s]
8929it [01:21, 109.85it/s]
8941it [01:21, 109.86it/s]
8954it [01:21, 109.88it/s]
8966it [01:21, 109.88it/s]
8978it [01:21, 109.86it/s]
8991it [01:21, 109.89it/s]
9003it [01:21, 109.90it/s]
9016it [01:22, 109.91it/s]
9028it [01:22, 109.91it/s]
9041it [01:22, 109.93it/s]
9053it [01:22, 109.94it/s]
9065it [01:22, 109.92it/s]
9077it [01:22, 109.93it/s]
9089it [01:22, 109.93it/s]
9101it [01:22, 109.94it/s]
9113it [01:22, 109.94it/s]
9125it [01:23, 109.79it/s]
9136it [01:23, 109.79it/s]
9148it [01:23, 109.79it/s]
9160it [01:23, 109.79it/s]
9171it [01:23, 109.79it/s]
9183it [01:23, 109.78it/s]
9194it [01:23, 109.78it/s]
9206it [01:23, 109.78it/s]
9217it [01:23, 109.78it/s]
9230it [01:24, 109.80it/s]
9242it [01:24, 109.78it/s]
9254it [01:24, 109.79it/s]
9268it [01:24, 109.81it/s]
9280it [01:24, 109.80it/s]
9292it [01:24, 109.81it/s]
9305it [01:24, 109.82it/s]
9317it [01:24, 109.82it/s]
9329it [01:24, 109.81it/s]
9341it [01:25, 109.82it/s]
9353it [01:25, 109.80it/s]
9366it [01:25, 109.82it/s]
9379it [01:25, 109.83it/s]
9391it [01:25, 109.84it/s]
9403it [01:25, 109.84it/s]
9415it [01:25, 109.85it/s]
9427it [01:25, 109.86it/s]
9440it [01:25, 109.88it/s]
9452it [01:26, 109.88it/s]
9465it [01:26, 109.90it/s]
9477it [01:26, 109.90it/s]
9489it [01:26, 109.90it/s]
9502it [01:26, 109.92it/s]
9516it [01:26, 109.94it/s]
9529it [01:26, 109.95it/s]
9542it [01:26, 109.97it/s]
9555it [01:26, 109.97it/s]
9568it [01:26, 109.99it/s]
9581it [01:27, 109.99it/s]
9593it [01:27, 110.00it/s]
9605it [01:27, 110.01it/s]
9617it [01:27, 110.03it/s]
9630it [01:27, 110.04it/s]
9642it [01:27, 110.04it/s]
9655it [01:27, 110.05it/s]
9667it [01:27, 110.06it/s]
9679it [01:27, 110.06it/s]
9691it [01:28, 110.07it/s]
9703it [01:28, 110.07it/s]
9715it [01:28, 110.07it/s]
9727it [01:28, 110.06it/s]
9739it [01:28, 110.07it/s]
9751it [01:28, 110.08it/s]
9763it [01:28, 110.08it/s]
9775it [01:28, 110.08it/s]
9787it [01:28, 110.08it/s]
9799it [01:29, 110.09it/s]
9812it [01:29, 110.11it/s]
9825it [01:29, 110.13it/s]
9837it [01:29, 110.13it/s]
9849it [01:29, 110.14it/s]
9861it [01:29, 110.14it/s]
9873it [01:29, 110.13it/s]
9885it [01:29, 110.13it/s]
9898it [01:29, 110.15it/s]
9911it [01:29, 110.16it/s]
9923it [01:30, 110.16it/s]
9935it [01:30, 110.17it/s]
9949it [01:30, 110.19it/s]
9961it [01:30, 110.20it/s]
9973it [01:30, 110.20it/s]
9985it [01:30, 110.21it/s]
9997it [01:30, 110.21it/s]
10010it [01:30, 110.22it/s]
10023it [01:30, 110.24it/s]
10036it [01:31, 110.25it/s]
10048it [01:31, 110.24it/s]
10061it [01:31, 110.27it/s]
10073it [01:31, 110.26it/s]
10087it [01:31, 110.28it/s]
10099it [01:31, 110.29it/s]
10112it [01:31, 110.31it/s]
10125it [01:31, 110.30it/s]
10137it [01:31, 110.30it/s]
10150it [01:32, 110.31it/s]
10163it [01:32, 110.33it/s]
10175it [01:32, 110.33it/s]
10187it [01:32, 110.34it/s]
10199it [01:32, 110.22it/s]
10211it [01:32, 110.22it/s]
10222it [01:32, 110.22it/s]
10234it [01:32, 110.22it/s]
10246it [01:32, 110.22it/s]
10258it [01:33, 110.23it/s]
10270it [01:33, 110.22it/s]
10282it [01:33, 110.23it/s]
10294it [01:33, 110.24it/s]
10306it [01:33, 110.23it/s]
10318it [01:33, 110.23it/s]
10330it [01:33, 110.23it/s]
10342it [01:33, 110.22it/s]
10354it [01:33, 110.22it/s]
10367it [01:34, 110.24it/s]
10379it [01:34, 110.24it/s]
10391it [01:34, 110.25it/s]
10403it [01:34, 110.25it/s]
10415it [01:34, 110.25it/s]
10428it [01:34, 110.25it/s]
10440it [01:34, 110.25it/s]
10453it [01:34, 110.26it/s]
10465it [01:34, 110.26it/s]
10477it [01:35, 110.27it/s]
10489it [01:35, 110.27it/s]
10501it [01:35, 110.27it/s]
10513it [01:35, 110.26it/s]
10526it [01:35, 110.27it/s]
10538it [01:35, 110.28it/s]
10550it [01:35, 110.28it/s]
10562it [01:35, 110.27it/s]
10574it [01:35, 110.28it/s]
10586it [01:35, 110.29it/s]
10598it [01:36, 110.29it/s]
10610it [01:36, 110.29it/s]
10622it [01:36, 110.29it/s]
10634it [01:36, 110.29it/s]
10646it [01:36, 110.29it/s]
10659it [01:36, 110.30it/s]
10671it [01:36, 110.31it/s]
10683it [01:36, 110.30it/s]
10696it [01:36, 110.31it/s]
10708it [01:37, 110.32it/s]
10720it [01:37, 110.32it/s]
10732it [01:37, 110.33it/s]
10745it [01:37, 110.34it/s]
10757it [01:37, 110.34it/s]
10769it [01:37, 110.35it/s]
10781it [01:37, 110.35it/s]
10793it [01:37, 110.35it/s]
10805it [01:37, 110.35it/s]
10817it [01:38, 110.35it/s]
10829it [01:38, 110.35it/s]
10841it [01:38, 110.36it/s]
10853it [01:38, 110.37it/s]
10865it [01:38, 110.36it/s]
10878it [01:38, 110.38it/s]
10890it [01:38, 110.38it/s]
10902it [01:38, 110.38it/s]
10915it [01:38, 110.39it/s]
10927it [01:38, 110.40it/s]
10940it [01:39, 110.41it/s]
10953it [01:39, 110.43it/s]
10966it [01:39, 110.44it/s]
10979it [01:39, 110.45it/s]
10992it [01:39, 110.45it/s]
11004it [01:39, 110.46it/s]
11016it [01:39, 110.46it/s]
11029it [01:39, 110.47it/s]
11042it [01:39, 110.48it/s]
11055it [01:40, 110.49it/s]
11068it [01:40, 110.51it/s]
11081it [01:40, 110.52it/s]
11094it [01:40, 110.52it/s]
11107it [01:40, 110.53it/s]
11119it [01:40, 110.53it/s]
11131it [01:40, 110.53it/s]
11145it [01:40, 110.56it/s]
11158it [01:40, 110.57it/s]
11171it [01:41, 110.57it/s]
11183it [01:41, 110.57it/s]
11196it [01:41, 110.58it/s]
11208it [01:41, 110.57it/s]
11222it [01:41, 110.59it/s]
11235it [01:41, 110.61it/s]
11248it [01:41, 110.60it/s]
11260it [01:41, 110.48it/s]
11271it [01:42, 110.47it/s]
11284it [01:42, 110.48it/s]
11295it [01:42, 110.47it/s]
11306it [01:42, 110.38it/s]
11318it [01:42, 110.37it/s]
11328it [01:42, 110.36it/s]
11339it [01:42, 110.36it/s]
11349it [01:42, 110.34it/s]
11359it [01:42, 110.33it/s]
11370it [01:43, 110.33it/s]
11382it [01:43, 110.33it/s]
11393it [01:43, 110.33it/s]
11404it [01:43, 110.31it/s]
11416it [01:43, 110.32it/s]
11428it [01:43, 110.32it/s]
11440it [01:43, 110.32it/s]
11451it [01:43, 110.32it/s]
11462it [01:43, 110.31it/s]
11473it [01:44, 110.30it/s]
11485it [01:44, 110.30it/s]
11497it [01:44, 110.30it/s]
11508it [01:44, 110.30it/s]
11519it [01:44, 110.29it/s]
11530it [01:44, 110.27it/s]
11541it [01:44, 110.26it/s]
11552it [01:44, 110.25it/s]
11563it [01:44, 110.24it/s]
11574it [01:45, 110.22it/s]
11586it [01:45, 110.22it/s]
11597it [01:45, 110.20it/s]
11609it [01:45, 110.20it/s]
11620it [01:45, 110.19it/s]
11631it [01:45, 110.17it/s]
11643it [01:45, 110.17it/s]
11654it [01:45, 110.16it/s]
11665it [01:45, 110.16it/s]
11676it [01:46, 110.14it/s]
11687it [01:46, 110.13it/s]
11698it [01:46, 110.11it/s]
11708it [01:46, 110.10it/s]
11719it [01:46, 110.10it/s]
11731it [01:46, 110.10it/s]
11742it [01:46, 110.09it/s]
11753it [01:46, 110.09it/s]
11764it [01:46, 110.07it/s]
11775it [01:46, 110.06it/s]
11786it [01:47, 110.04it/s]
11797it [01:47, 110.03it/s]
11808it [01:47, 110.03it/s]
11819it [01:47, 110.02it/s]
11830it [01:47, 110.01it/s]
11841it [01:47, 110.01it/s]
11852it [01:47, 109.99it/s]
11863it [01:47, 109.99it/s]
11874it [01:47, 109.99it/s]
11885it [01:48, 109.97it/s]
11896it [01:48, 109.96it/s]
11907it [01:48, 109.95it/s]
11918it [01:48, 109.94it/s]
11929it [01:48, 109.93it/s]
11940it [01:48, 109.93it/s]
11951it [01:48, 109.92it/s]
11962it [01:48, 109.91it/s]
11973it [01:48, 109.91it/s]
11984it [01:49, 109.88it/s]
11995it [01:49, 109.88it/s]
12006it [01:49, 109.87it/s]
12017it [01:49, 109.86it/s]
12028it [01:49, 109.86it/s]
12039it [01:49, 109.85it/s]
12050it [01:49, 109.85it/s]
12061it [01:49, 109.85it/s]
12072it [01:49, 109.84it/s]
12083it [01:50, 109.84it/s]
12094it [01:50, 109.82it/s]
12105it [01:50, 109.80it/s]
12116it [01:50, 109.80it/s]
12127it [01:50, 109.77it/s]
12137it [01:50, 109.71it/s]
12149it [01:50, 109.71it/s]
12159it [01:50, 109.70it/s]
12169it [01:50, 109.69it/s]
12179it [01:51, 109.67it/s]
12190it [01:51, 109.66it/s]
12200it [01:51, 109.66it/s]
12211it [01:51, 109.65it/s]
12212it [01:51, 109.65it/s]

Traceback (most recent call last):
  File "/home/eunsol/anaconda3/envs/allennlp/lib/python3.6/runpy.py", line 193, in _run_module_as_main
    "__main__", mod_spec)
  File "/home/eunsol/anaconda3/envs/allennlp/lib/python3.6/runpy.py", line 85, in _run_code
    exec(code, run_globals)
  File "/home/eunsol/Project/quac/allennlp-quac/allennlp/run.py", line 18, in <module>
    main(prog="allennlp")
  File "/home/eunsol/Project/quac/allennlp-quac/allennlp/commands/__init__.py", line 70, in main
    args.func(args)
  File "/home/eunsol/Project/quac/allennlp-quac/allennlp/commands/train.py", line 103, in train_model_from_args
    args.recover)
  File "/home/eunsol/Project/quac/allennlp-quac/allennlp/commands/train.py", line 133, in train_model_from_file
    return train_model(params, serialization_dir, file_friendly_logging, recover)
  File "/home/eunsol/Project/quac/allennlp-quac/allennlp/commands/train.py", line 281, in train_model
    model = Model.from_params(vocab=vocab, params=params.pop('model'))
  File "/home/eunsol/Project/quac/allennlp-quac/allennlp/common/from_params.py", line 246, in from_params
    return subclass.from_params(params=params, **extras)
  File "/home/eunsol/Project/quac/allennlp-quac/allennlp/common/from_params.py", line 249, in from_params
    kwargs = create_kwargs(cls, params, **extras)
  File "/home/eunsol/Project/quac/allennlp-quac/allennlp/common/from_params.py", line 151, in create_kwargs
    raise ConfigurationError(f"expected key {name} for {cls.__name__}")
allennlp.common.checks.ConfigurationError: 'expected key initializer for DQA'
