2018-07-11 17:19:52,787 - INFO - allennlp.common.from_params - instantiating class <class 'allennlp.data.dataset_readers.dataset_reader.DatasetReader'> from params {'lazy': True, 'token_indexers': {'elmo': {'type': 'elmo_characters'}, 'token_characters': {'character_tokenizer': {'byte_encoding': 'utf-8', 'end_tokens': [260], 'start_tokens': [259]}, 'type': 'characters'}}, 'type': 'dqaseq'} and extras {}
2018-07-11 17:19:52,787 - INFO - allennlp.common.params - dataset_reader.type = dqaseq
2018-07-11 17:19:52,787 - INFO - allennlp.common.from_params - instantiating class <class 'allennlp.data.tokenizers.tokenizer.Tokenizer'> from params {} and extras {}
2018-07-11 17:19:52,787 - INFO - allennlp.common.params - dataset_reader.tokenizer.type = word
2018-07-11 17:19:52,787 - INFO - allennlp.common.from_params - instantiating class <class 'allennlp.data.tokenizers.word_tokenizer.WordTokenizer'> from params {} and extras {}
2018-07-11 17:19:52,787 - INFO - allennlp.common.params - dataset_reader.tokenizer.start_tokens = None
2018-07-11 17:19:52,787 - INFO - allennlp.common.params - dataset_reader.tokenizer.end_tokens = None
2018-07-11 17:25:17,207 - INFO - allennlp.common.from_params - instantiating class <class 'allennlp.data.dataset_readers.dataset_reader.DatasetReader'> from params {'lazy': True, 'token_indexers': {'elmo': {'type': 'elmo_characters'}, 'token_characters': {'character_tokenizer': {'byte_encoding': 'utf-8', 'end_tokens': [260], 'start_tokens': [259]}, 'type': 'characters'}}, 'type': 'dqaseq'} and extras {}
2018-07-11 17:25:17,207 - INFO - allennlp.common.params - dataset_reader.type = dqaseq
2018-07-11 17:25:17,207 - INFO - allennlp.common.from_params - instantiating class <class 'allennlp.data.tokenizers.tokenizer.Tokenizer'> from params {} and extras {}
2018-07-11 17:25:17,207 - INFO - allennlp.common.params - dataset_reader.tokenizer.type = word
2018-07-11 17:25:17,207 - INFO - allennlp.common.from_params - instantiating class <class 'allennlp.data.tokenizers.word_tokenizer.WordTokenizer'> from params {} and extras {}
2018-07-11 17:25:17,207 - INFO - allennlp.common.params - dataset_reader.tokenizer.start_tokens = None
2018-07-11 17:25:17,207 - INFO - allennlp.common.params - dataset_reader.tokenizer.end_tokens = None
2018-07-11 17:30:05,227 - INFO - allennlp.common.from_params - instantiating class <class 'allennlp.data.dataset_readers.dataset_reader.DatasetReader'> from params {'lazy': True, 'token_indexers': {'elmo': {'type': 'elmo_characters'}, 'token_characters': {'character_tokenizer': {'byte_encoding': 'utf-8', 'end_tokens': [260], 'start_tokens': [259]}, 'type': 'characters'}}, 'type': 'dqaseq'} and extras {}
2018-07-11 17:30:05,227 - INFO - allennlp.common.params - dataset_reader.type = dqaseq
2018-07-11 17:30:05,227 - INFO - allennlp.common.from_params - instantiating class <class 'allennlp.data.dataset_readers.reading_comprehension.dqa_seq.DQASeqReader'> from params {'lazy': True, 'token_indexers': {'elmo': {'type': 'elmo_characters'}, 'token_characters': {'character_tokenizer': {'byte_encoding': 'utf-8', 'end_tokens': [260], 'start_tokens': [259]}, 'type': 'characters'}}} and extras {}
2018-07-11 17:30:05,228 - INFO - allennlp.common.from_params - instantiating class allennlp.data.token_indexers.token_indexer.TokenIndexer from params {'type': 'elmo_characters'} and extras {}
2018-07-11 17:30:05,228 - INFO - allennlp.common.params - dataset_reader.token_indexers.elmo.type = elmo_characters
2018-07-11 17:30:05,228 - INFO - allennlp.common.from_params - instantiating class allennlp.data.token_indexers.elmo_indexer.ELMoTokenCharactersIndexer from params {} and extras {}
2018-07-11 17:30:05,228 - INFO - allennlp.common.params - dataset_reader.token_indexers.elmo.namespace = elmo_characters
2018-07-11 17:30:05,228 - INFO - allennlp.common.from_params - instantiating class allennlp.data.token_indexers.token_indexer.TokenIndexer from params {'character_tokenizer': {'byte_encoding': 'utf-8', 'end_tokens': [260], 'start_tokens': [259]}, 'type': 'characters'} and extras {}
2018-07-11 17:30:05,228 - INFO - allennlp.common.params - dataset_reader.token_indexers.token_characters.type = characters
2018-07-11 17:30:05,228 - INFO - allennlp.common.from_params - instantiating class allennlp.data.token_indexers.token_characters_indexer.TokenCharactersIndexer from params {'character_tokenizer': {'byte_encoding': 'utf-8', 'end_tokens': [260], 'start_tokens': [259]}} and extras {}
2018-07-11 17:30:05,228 - INFO - allennlp.common.params - dataset_reader.token_indexers.token_characters.namespace = token_characters
2018-07-11 17:30:05,228 - INFO - allennlp.common.from_params - instantiating class <class 'allennlp.data.tokenizers.character_tokenizer.CharacterTokenizer'> from params {'byte_encoding': 'utf-8', 'end_tokens': [260], 'start_tokens': [259]} and extras {}
2018-07-11 17:30:05,228 - INFO - allennlp.common.params - dataset_reader.token_indexers.token_characters.character_tokenizer.byte_encoding = utf-8
2018-07-11 17:30:05,228 - INFO - allennlp.common.params - dataset_reader.token_indexers.token_characters.character_tokenizer.lowercase_characters = False
2018-07-11 17:30:05,229 - INFO - allennlp.common.params - dataset_reader.token_indexers.token_characters.character_tokenizer.start_tokens = [259]
2018-07-11 17:30:05,229 - INFO - allennlp.common.params - dataset_reader.token_indexers.token_characters.character_tokenizer.end_tokens = [260]
2018-07-11 17:30:05,229 - INFO - allennlp.common.params - dataset_reader.lazy = True
2018-07-11 17:30:05,466 - INFO - allennlp.common.params - validation_dataset_reader = None
2018-07-11 17:30:05,466 - INFO - allennlp.common.params - train_data_path = /home/eunsol/Data/dqa/data/seqTrain_5000.json
2018-07-11 17:30:05,466 - INFO - allennlp.commands.train - Reading training data from /home/eunsol/Data/dqa/data/seqTrain_5000.json
2018-07-11 17:30:05,467 - INFO - allennlp.common.params - validation_data_path = /home/eunsol/Data/dqa/data/seqval.json
2018-07-11 17:30:05,467 - INFO - allennlp.commands.train - Reading validation data from /home/eunsol/Data/dqa/data/seqval.json
2018-07-11 17:30:05,467 - INFO - allennlp.common.params - test_data_path = None
2018-07-11 17:30:05,467 - INFO - allennlp.commands.train - Creating a vocabulary using validation, train data.
2018-07-11 17:30:05,467 - INFO - allennlp.common.params - vocabulary.type = None
2018-07-11 17:30:05,467 - INFO - allennlp.common.params - vocabulary.extend = False
2018-07-11 17:30:05,467 - INFO - allennlp.common.params - vocabulary.directory_path = None
2018-07-11 17:30:05,467 - INFO - allennlp.common.params - vocabulary.min_count = None
2018-07-11 17:30:05,467 - INFO - allennlp.common.params - vocabulary.max_vocab_size = None
2018-07-11 17:30:05,467 - INFO - allennlp.common.params - vocabulary.non_padded_namespaces = ('*tags', '*labels')
2018-07-11 17:30:05,467 - INFO - allennlp.common.params - vocabulary.only_include_pretrained_words = False
2018-07-11 17:30:05,467 - INFO - allennlp.common.params - vocabulary.tokens_to_add = None
2018-07-11 17:30:05,467 - INFO - allennlp.data.vocabulary - Fitting token dictionary from dataset.
2018-07-11 17:30:05,467 - INFO - allennlp.data.dataset_readers.reading_comprehension.dqa_seq - Reading file at /home/eunsol/Data/dqa/data/seqTrain_5000.json
2018-07-11 17:30:05,975 - INFO - allennlp.data.dataset_readers.reading_comprehension.dqa_seq - Reading the dataset
2018-07-11 17:31:47,747 - INFO - allennlp.data.dataset_readers.reading_comprehension.dqa_seq - Reading file at /home/eunsol/Data/dqa/data/seqval.json
2018-07-11 17:31:47,790 - INFO - allennlp.data.dataset_readers.reading_comprehension.dqa_seq - Reading the dataset
2018-07-11 17:31:56,845 - INFO - allennlp.common.from_params - instantiating class <class 'allennlp.models.model.Model'> from params {'dropout': 0.2, 'phrase_layer': {'bidirectional': True, 'hidden_size': 100, 'input_size': 1124, 'num_layers': 1, 'type': 'gru'}, 'residual_encoder': {'bidirectional': True, 'hidden_size': 100, 'input_size': 200, 'num_layers': 1, 'type': 'gru'}, 'span_end_encoder': {'bidirectional': True, 'hidden_size': 100, 'input_size': 400, 'num_layers': 1, 'type': 'gru'}, 'span_start_encoder': {'bidirectional': True, 'hidden_size': 100, 'input_size': 200, 'num_layers': 1, 'type': 'gru'}, 'text_field_embedder': {'elmo': {'do_layer_norm': False, 'dropout': 0.2, 'options_file': 'https://s3-us-west-2.amazonaws.com/allennlp/models/elmo/2x4096_512_2048cnn_2xhighway/elmo_2x4096_512_2048cnn_2xhighway_options.json', 'type': 'elmo_token_embedder', 'weight_file': 'https://s3-us-west-2.amazonaws.com/allennlp/models/elmo/2x4096_512_2048cnn_2xhighway/elmo_2x4096_512_2048cnn_2xhighway_weights.hdf5'}, 'token_characters': {'dropout': 0.2, 'embedding': {'embedding_dim': 20, 'num_embeddings': 262}, 'encoder': {'embedding_dim': 20, 'ngram_filter_sizes': [5], 'num_filters': 100, 'type': 'cnn'}, 'type': 'character_encoding'}}, 'type': 'dqa'} and extras {'vocab': <allennlp.data.vocabulary.Vocabulary object at 0x7fe82b911e80>}
2018-07-11 17:31:56,845 - INFO - allennlp.common.params - model.type = dqa
2018-07-11 17:31:56,845 - INFO - allennlp.common.from_params - instantiating class <class 'allennlp.models.reading_comprehension.dqa.DQA'> from params {'dropout': 0.2, 'phrase_layer': {'bidirectional': True, 'hidden_size': 100, 'input_size': 1124, 'num_layers': 1, 'type': 'gru'}, 'residual_encoder': {'bidirectional': True, 'hidden_size': 100, 'input_size': 200, 'num_layers': 1, 'type': 'gru'}, 'span_end_encoder': {'bidirectional': True, 'hidden_size': 100, 'input_size': 400, 'num_layers': 1, 'type': 'gru'}, 'span_start_encoder': {'bidirectional': True, 'hidden_size': 100, 'input_size': 200, 'num_layers': 1, 'type': 'gru'}, 'text_field_embedder': {'elmo': {'do_layer_norm': False, 'dropout': 0.2, 'options_file': 'https://s3-us-west-2.amazonaws.com/allennlp/models/elmo/2x4096_512_2048cnn_2xhighway/elmo_2x4096_512_2048cnn_2xhighway_options.json', 'type': 'elmo_token_embedder', 'weight_file': 'https://s3-us-west-2.amazonaws.com/allennlp/models/elmo/2x4096_512_2048cnn_2xhighway/elmo_2x4096_512_2048cnn_2xhighway_weights.hdf5'}, 'token_characters': {'dropout': 0.2, 'embedding': {'embedding_dim': 20, 'num_embeddings': 262}, 'encoder': {'embedding_dim': 20, 'ngram_filter_sizes': [5], 'num_filters': 100, 'type': 'cnn'}, 'type': 'character_encoding'}}} and extras {'vocab': <allennlp.data.vocabulary.Vocabulary object at 0x7fe82b911e80>}
2018-07-11 17:31:56,845 - INFO - allennlp.common.from_params - instantiating class <class 'allennlp.modules.text_field_embedders.text_field_embedder.TextFieldEmbedder'> from params {'elmo': {'do_layer_norm': False, 'dropout': 0.2, 'options_file': 'https://s3-us-west-2.amazonaws.com/allennlp/models/elmo/2x4096_512_2048cnn_2xhighway/elmo_2x4096_512_2048cnn_2xhighway_options.json', 'type': 'elmo_token_embedder', 'weight_file': 'https://s3-us-west-2.amazonaws.com/allennlp/models/elmo/2x4096_512_2048cnn_2xhighway/elmo_2x4096_512_2048cnn_2xhighway_weights.hdf5'}, 'token_characters': {'dropout': 0.2, 'embedding': {'embedding_dim': 20, 'num_embeddings': 262}, 'encoder': {'embedding_dim': 20, 'ngram_filter_sizes': [5], 'num_filters': 100, 'type': 'cnn'}, 'type': 'character_encoding'}} and extras {'vocab': <allennlp.data.vocabulary.Vocabulary object at 0x7fe82b911e80>}
2018-07-11 17:31:56,845 - INFO - allennlp.common.params - model.text_field_embedder.type = basic
2018-07-11 17:31:56,845 - INFO - allennlp.common.params - model.text_field_embedder.embedder_to_indexer_map = None
2018-07-11 17:31:56,845 - INFO - allennlp.common.from_params - instantiating class <class 'allennlp.modules.token_embedders.token_embedder.TokenEmbedder'> from params {'do_layer_norm': False, 'dropout': 0.2, 'options_file': 'https://s3-us-west-2.amazonaws.com/allennlp/models/elmo/2x4096_512_2048cnn_2xhighway/elmo_2x4096_512_2048cnn_2xhighway_options.json', 'type': 'elmo_token_embedder', 'weight_file': 'https://s3-us-west-2.amazonaws.com/allennlp/models/elmo/2x4096_512_2048cnn_2xhighway/elmo_2x4096_512_2048cnn_2xhighway_weights.hdf5'} and extras {'vocab': <allennlp.data.vocabulary.Vocabulary object at 0x7fe82b911e80>}
2018-07-11 17:31:56,846 - INFO - allennlp.common.params - model.text_field_embedder.elmo.type = elmo_token_embedder
2018-07-11 17:31:56,998 - INFO - allennlp.common.params - model.text_field_embedder.elmo.options_file = https://s3-us-west-2.amazonaws.com/allennlp/models/elmo/2x4096_512_2048cnn_2xhighway/elmo_2x4096_512_2048cnn_2xhighway_options.json
2018-07-11 17:31:56,999 - INFO - allennlp.common.params - model.text_field_embedder.elmo.weight_file = https://s3-us-west-2.amazonaws.com/allennlp/models/elmo/2x4096_512_2048cnn_2xhighway/elmo_2x4096_512_2048cnn_2xhighway_weights.hdf5
2018-07-11 17:31:56,999 - INFO - allennlp.common.params - model.text_field_embedder.elmo.requires_grad = False
2018-07-11 17:31:56,999 - INFO - allennlp.common.params - model.text_field_embedder.elmo.do_layer_norm = False
2018-07-11 17:31:56,999 - INFO - allennlp.common.params - model.text_field_embedder.elmo.dropout = 0.2
2018-07-11 17:31:57,000 - INFO - allennlp.common.params - model.text_field_embedder.elmo.namespace_to_cache = None
2018-07-11 17:31:57,000 - INFO - allennlp.common.params - model.text_field_embedder.elmo.projection_dim = None
2018-07-11 17:31:57,000 - INFO - root - Initializing ELMo
2018-07-11 17:32:02,096 - INFO - allennlp.common.from_params - instantiating class <class 'allennlp.modules.token_embedders.token_embedder.TokenEmbedder'> from params {'dropout': 0.2, 'embedding': {'embedding_dim': 20, 'num_embeddings': 262}, 'encoder': {'embedding_dim': 20, 'ngram_filter_sizes': [5], 'num_filters': 100, 'type': 'cnn'}, 'type': 'character_encoding'} and extras {'vocab': <allennlp.data.vocabulary.Vocabulary object at 0x7fe82b911e80>}
2018-07-11 17:32:02,096 - INFO - allennlp.common.params - model.text_field_embedder.token_characters.type = character_encoding
2018-07-11 17:32:02,096 - INFO - allennlp.common.params - model.text_field_embedder.token_characters.embedding.num_embeddings = 262
2018-07-11 17:32:02,096 - INFO - allennlp.common.params - model.text_field_embedder.token_characters.embedding.vocab_namespace = token_characters
2018-07-11 17:32:02,096 - INFO - allennlp.common.params - model.text_field_embedder.token_characters.embedding.embedding_dim = 20
2018-07-11 17:32:02,096 - INFO - allennlp.common.params - model.text_field_embedder.token_characters.embedding.pretrained_file = None
2018-07-11 17:32:02,096 - INFO - allennlp.common.params - model.text_field_embedder.token_characters.embedding.projection_dim = None
2018-07-11 17:32:02,096 - INFO - allennlp.common.params - model.text_field_embedder.token_characters.embedding.trainable = True
2018-07-11 17:32:02,096 - INFO - allennlp.common.params - model.text_field_embedder.token_characters.embedding.padding_index = None
2018-07-11 17:32:02,096 - INFO - allennlp.common.params - model.text_field_embedder.token_characters.embedding.max_norm = None
2018-07-11 17:32:02,096 - INFO - allennlp.common.params - model.text_field_embedder.token_characters.embedding.norm_type = 2.0
2018-07-11 17:32:02,097 - INFO - allennlp.common.params - model.text_field_embedder.token_characters.embedding.scale_grad_by_freq = False
2018-07-11 17:32:02,097 - INFO - allennlp.common.params - model.text_field_embedder.token_characters.embedding.sparse = False
2018-07-11 17:32:02,097 - INFO - allennlp.common.from_params - instantiating class <class 'allennlp.modules.seq2vec_encoders.seq2vec_encoder.Seq2VecEncoder'> from params {'embedding_dim': 20, 'ngram_filter_sizes': [5], 'num_filters': 100, 'type': 'cnn'} and extras {}
2018-07-11 17:32:02,097 - INFO - allennlp.common.params - model.text_field_embedder.token_characters.encoder.type = cnn
2018-07-11 17:32:02,097 - INFO - allennlp.common.from_params - instantiating class <class 'allennlp.modules.seq2vec_encoders.cnn_encoder.CnnEncoder'> from params {'embedding_dim': 20, 'ngram_filter_sizes': [5], 'num_filters': 100} and extras {}
2018-07-11 17:32:02,097 - INFO - allennlp.common.params - model.text_field_embedder.token_characters.encoder.embedding_dim = 20
2018-07-11 17:32:02,097 - INFO - allennlp.common.params - model.text_field_embedder.token_characters.encoder.num_filters = 100
2018-07-11 17:32:02,097 - INFO - allennlp.common.params - model.text_field_embedder.token_characters.encoder.ngram_filter_sizes = [5]
2018-07-11 17:32:02,097 - INFO - allennlp.common.params - model.text_field_embedder.token_characters.encoder.output_dim = None
2018-07-11 17:32:02,098 - INFO - allennlp.common.params - model.text_field_embedder.token_characters.dropout = 0.2
2018-07-11 17:32:02,098 - INFO - allennlp.common.from_params - instantiating class <class 'allennlp.modules.seq2seq_encoders.seq2seq_encoder.Seq2SeqEncoder'> from params {'bidirectional': True, 'hidden_size': 100, 'input_size': 1124, 'num_layers': 1, 'type': 'gru'} and extras {'vocab': <allennlp.data.vocabulary.Vocabulary object at 0x7fe82b911e80>}
2018-07-11 17:32:02,098 - INFO - allennlp.common.params - model.phrase_layer.type = gru
2018-07-11 17:32:02,098 - INFO - allennlp.common.params - model.phrase_layer.batch_first = True
2018-07-11 17:32:02,098 - INFO - allennlp.common.params - Converting Params object to dict; logging of default values will not occur when dictionary parameters are used subsequently.
2018-07-11 17:32:02,098 - INFO - allennlp.common.params - CURRENTLY DEFINED PARAMETERS: 
2018-07-11 17:32:02,098 - INFO - allennlp.common.params - model.phrase_layer.bidirectional = True
2018-07-11 17:32:02,098 - INFO - allennlp.common.params - model.phrase_layer.hidden_size = 100
2018-07-11 17:32:02,098 - INFO - allennlp.common.params - model.phrase_layer.input_size = 1124
2018-07-11 17:32:02,098 - INFO - allennlp.common.params - model.phrase_layer.num_layers = 1
2018-07-11 17:32:02,098 - INFO - allennlp.common.params - model.phrase_layer.batch_first = True
2018-07-11 17:32:02,103 - INFO - allennlp.common.from_params - instantiating class <class 'allennlp.modules.seq2seq_encoders.seq2seq_encoder.Seq2SeqEncoder'> from params {'bidirectional': True, 'hidden_size': 100, 'input_size': 200, 'num_layers': 1, 'type': 'gru'} and extras {'vocab': <allennlp.data.vocabulary.Vocabulary object at 0x7fe82b911e80>}
2018-07-11 17:32:02,103 - INFO - allennlp.common.params - model.residual_encoder.type = gru
2018-07-11 17:32:02,103 - INFO - allennlp.common.params - model.residual_encoder.batch_first = True
2018-07-11 17:32:02,103 - INFO - allennlp.common.params - Converting Params object to dict; logging of default values will not occur when dictionary parameters are used subsequently.
2018-07-11 17:32:02,104 - INFO - allennlp.common.params - CURRENTLY DEFINED PARAMETERS: 
2018-07-11 17:32:02,104 - INFO - allennlp.common.params - model.residual_encoder.bidirectional = True
2018-07-11 17:32:02,104 - INFO - allennlp.common.params - model.residual_encoder.hidden_size = 100
2018-07-11 17:32:02,104 - INFO - allennlp.common.params - model.residual_encoder.input_size = 200
2018-07-11 17:32:02,104 - INFO - allennlp.common.params - model.residual_encoder.num_layers = 1
2018-07-11 17:32:02,104 - INFO - allennlp.common.params - model.residual_encoder.batch_first = True
2018-07-11 17:32:02,105 - INFO - allennlp.common.from_params - instantiating class <class 'allennlp.modules.seq2seq_encoders.seq2seq_encoder.Seq2SeqEncoder'> from params {'bidirectional': True, 'hidden_size': 100, 'input_size': 200, 'num_layers': 1, 'type': 'gru'} and extras {'vocab': <allennlp.data.vocabulary.Vocabulary object at 0x7fe82b911e80>}
2018-07-11 17:32:02,105 - INFO - allennlp.common.params - model.span_start_encoder.type = gru
2018-07-11 17:32:02,105 - INFO - allennlp.common.params - model.span_start_encoder.batch_first = True
2018-07-11 17:32:02,105 - INFO - allennlp.common.params - Converting Params object to dict; logging of default values will not occur when dictionary parameters are used subsequently.
2018-07-11 17:32:02,105 - INFO - allennlp.common.params - CURRENTLY DEFINED PARAMETERS: 
2018-07-11 17:32:02,105 - INFO - allennlp.common.params - model.span_start_encoder.bidirectional = True
2018-07-11 17:32:02,105 - INFO - allennlp.common.params - model.span_start_encoder.hidden_size = 100
2018-07-11 17:32:02,106 - INFO - allennlp.common.params - model.span_start_encoder.input_size = 200
2018-07-11 17:32:02,106 - INFO - allennlp.common.params - model.span_start_encoder.num_layers = 1
2018-07-11 17:32:02,106 - INFO - allennlp.common.params - model.span_start_encoder.batch_first = True
2018-07-11 17:32:02,107 - INFO - allennlp.common.from_params - instantiating class <class 'allennlp.modules.seq2seq_encoders.seq2seq_encoder.Seq2SeqEncoder'> from params {'bidirectional': True, 'hidden_size': 100, 'input_size': 400, 'num_layers': 1, 'type': 'gru'} and extras {'vocab': <allennlp.data.vocabulary.Vocabulary object at 0x7fe82b911e80>}
2018-07-11 17:32:02,107 - INFO - allennlp.common.params - model.span_end_encoder.type = gru
2018-07-11 17:32:02,107 - INFO - allennlp.common.params - model.span_end_encoder.batch_first = True
2018-07-11 17:32:02,107 - INFO - allennlp.common.params - Converting Params object to dict; logging of default values will not occur when dictionary parameters are used subsequently.
2018-07-11 17:32:02,107 - INFO - allennlp.common.params - CURRENTLY DEFINED PARAMETERS: 
2018-07-11 17:32:02,107 - INFO - allennlp.common.params - model.span_end_encoder.bidirectional = True
2018-07-11 17:32:02,107 - INFO - allennlp.common.params - model.span_end_encoder.hidden_size = 100
2018-07-11 17:32:02,107 - INFO - allennlp.common.params - model.span_end_encoder.input_size = 400
2018-07-11 17:32:02,107 - INFO - allennlp.common.params - model.span_end_encoder.num_layers = 1
2018-07-11 17:32:02,108 - INFO - allennlp.common.params - model.span_end_encoder.batch_first = True
<class 'allennlp.data.tokenizers.character_tokenizer.CharacterTokenizer'>
<class 'allennlp.modules.text_field_embedders.text_field_embedder.TextFieldEmbedder'>
<class 'allennlp.modules.seq2seq_encoders.seq2seq_encoder.Seq2SeqEncoder'>
<class 'allennlp.modules.seq2seq_encoders.seq2seq_encoder.Seq2SeqEncoder'>
<class 'allennlp.modules.seq2seq_encoders.seq2seq_encoder.Seq2SeqEncoder'>
<class 'allennlp.modules.seq2seq_encoders.seq2seq_encoder.Seq2SeqEncoder'>
