0it [00:00, ?it/s]

0it [00:00, ?it/s]
[A7it [00:00, 62.09it/s]

7it [00:00, 62.88it/s]
[A14it [00:00, 62.41it/s]

14it [00:00, 62.97it/s]
[A21it [00:00, 64.46it/s]

21it [00:00, 64.88it/s]
[A28it [00:00, 63.33it/s]

28it [00:00, 63.61it/s]
[A34it [00:00, 62.01it/s]

34it [00:00, 62.20it/s]
[A42it [00:00, 64.12it/s]

42it [00:00, 64.26it/s]
[A51it [00:00, 68.09it/s]

51it [00:00, 68.20it/s]
[A58it [00:00, 65.50it/s]

58it [00:00, 65.57it/s]
[A65it [00:00, 65.91it/s]

65it [00:00, 65.96it/s]
[A72it [00:01, 66.94it/s]

72it [00:01, 66.97it/s]
[A80it [00:01, 67.58it/s]

80it [00:01, 67.60it/s]
[A87it [00:01, 66.52it/s]

87it [00:01, 66.54it/s]
[A94it [00:01, 60.51it/s]

94it [00:01, 60.53it/s]
[A102it [00:01, 64.74it/s]

102it [00:01, 64.75it/s]
[A110it [00:01, 68.53it/s]

110it [00:01, 68.53it/s]
[A118it [00:01, 69.08it/s]

118it [00:01, 69.09it/s]
[A126it [00:01, 59.64it/s]

126it [00:01, 59.64it/s]
[A134it [00:02, 62.45it/s]

134it [00:02, 62.45it/s]
[A142it [00:02, 65.94it/s]

142it [00:02, 65.94it/s]
[A149it [00:02, 64.90it/s]

149it [00:02, 64.90it/s]
[A156it [00:02, 66.12it/s]

156it [00:02, 66.12it/s]
[A163it [00:02, 66.95it/s]

163it [00:02, 66.95it/s]
[A170it [00:02, 66.55it/s]

170it [00:02, 66.55it/s]
[A178it [00:02, 69.04it/s]

178it [00:02, 69.04it/s]
[A186it [00:02, 71.32it/s]

186it [00:02, 71.32it/s]
[A194it [00:02, 71.87it/s]

194it [00:02, 71.87it/s]
[A202it [00:03, 68.74it/s]

202it [00:03, 68.74it/s]
[A211it [00:03, 73.65it/s]

211it [00:03, 73.65it/s]
[A219it [00:03, 73.68it/s]

219it [00:03, 73.69it/s]
[A227it [00:03, 72.03it/s]

227it [00:03, 72.03it/s]
[A235it [00:03, 70.65it/s]

235it [00:03, 70.65it/s]
[A243it [00:03, 68.61it/s]

243it [00:03, 68.61it/s]
[A251it [00:03, 69.64it/s]

251it [00:03, 69.64it/s]
[A259it [00:03, 67.93it/s]

259it [00:03, 67.93it/s]
[A266it [00:03, 64.99it/s]

266it [00:03, 64.99it/s]
[A274it [00:04, 67.91it/s]

274it [00:04, 67.91it/s]
[A282it [00:04, 71.06it/s]

282it [00:04, 71.06it/s]
[A290it [00:04, 68.98it/s]

290it [00:04, 68.98it/s]
[A297it [00:04, 67.81it/s]

297it [00:04, 67.81it/s]
[A304it [00:04, 63.00it/s]

304it [00:04, 63.00it/s]
[A311it [00:04, 62.90it/s]

311it [00:04, 62.90it/s]
[A318it [00:04, 64.27it/s]

318it [00:04, 64.27it/s]
[A325it [00:04, 61.59it/s]

325it [00:04, 61.59it/s]
[A333it [00:04, 64.05it/s]

333it [00:04, 64.05it/s]
[A340it [00:05, 63.91it/s]

340it [00:05, 63.91it/s]
[A348it [00:05, 66.12it/s]

348it [00:05, 66.12it/s]
[A355it [00:05, 62.56it/s]

355it [00:05, 62.55it/s]
[A362it [00:05, 61.70it/s]

362it [00:05, 61.69it/s]
[A369it [00:05, 61.26it/s]

369it [00:05, 61.26it/s]
[A376it [00:05, 60.96it/s]

376it [00:05, 60.96it/s]
[A383it [00:05, 63.24it/s]

383it [00:05, 63.24it/s]
[A391it [00:05, 66.05it/s]

391it [00:05, 66.05it/s]
[A398it [00:06, 59.50it/s]

398it [00:06, 59.50it/s]
[A405it [00:06, 58.63it/s]

405it [00:06, 58.63it/s]
[A413it [00:06, 62.42it/s]

413it [00:06, 62.42it/s]
[A420it [00:06, 62.09it/s]

420it [00:06, 62.10it/s]
[A428it [00:06, 65.52it/s]

428it [00:06, 65.52it/s]
[A436it [00:06, 68.77it/s]

436it [00:06, 68.77it/s]
[A444it [00:06, 67.91it/s]

444it [00:06, 67.91it/s]
[A451it [00:06, 67.76it/s]

451it [00:06, 67.75it/s]
[A458it [00:06, 67.79it/s]

458it [00:06, 67.79it/s]
[A465it [00:07, 68.26it/s]

465it [00:07, 68.27it/s]
[A472it [00:07, 67.50it/s]

472it [00:07, 67.49it/s]
[A480it [00:07, 69.79it/s]

480it [00:07, 69.79it/s]
[A488it [00:07, 68.53it/s]

488it [00:07, 68.53it/s]
[A495it [00:07, 65.66it/s]

495it [00:07, 65.66it/s]
[A503it [00:07, 69.39it/s]

503it [00:07, 69.39it/s]
[A511it [00:07, 69.17it/s]

511it [00:07, 69.17it/s]
[A518it [00:07, 67.49it/s]

518it [00:07, 67.49it/s]
[A525it [00:07, 65.59it/s]

525it [00:07, 65.59it/s]
[A532it [00:08, 66.75it/s]

532it [00:08, 66.75it/s]
[A540it [00:08, 69.05it/s]

540it [00:08, 69.05it/s]
[A547it [00:08, 66.49it/s]

547it [00:08, 66.49it/s]
[A555it [00:08, 68.97it/s]

555it [00:08, 68.97it/s]
[A562it [00:08, 68.63it/s]

562it [00:08, 68.63it/s]
[A570it [00:08, 69.97it/s]

570it [00:08, 69.97it/s]
[A578it [00:08, 68.61it/s]

578it [00:08, 68.60it/s]
[A587it [00:08, 71.30it/s]

587it [00:08, 71.30it/s]
[A595it [00:08, 68.19it/s]

595it [00:08, 68.19it/s]
[A602it [00:09, 64.98it/s]

602it [00:09, 64.98it/s]
[A609it [00:09, 64.45it/s]

609it [00:09, 64.45it/s]
[A616it [00:09, 65.96it/s]

616it [00:09, 65.96it/s]
[A623it [00:09, 62.94it/s]

623it [00:09, 62.94it/s]
[A630it [00:09, 64.58it/s]

630it [00:09, 64.58it/s]
[A638it [00:09, 66.05it/s]

638it [00:09, 66.05it/s]
[A645it [00:09, 63.07it/s]

645it [00:09, 63.07it/s]
[A653it [00:09, 66.12it/s]

653it [00:09, 66.11it/s]
[A660it [00:09, 65.62it/s]

660it [00:09, 65.62it/s]
[A667it [00:10, 63.90it/s]

667it [00:10, 63.90it/s]
[A675it [00:10, 66.14it/s]

675it [00:10, 66.14it/s]
[A682it [00:10, 62.16it/s]

682it [00:10, 62.16it/s]
[A690it [00:10, 64.20it/s]

690it [00:10, 64.20it/s]
[A698it [00:10, 66.38it/s]

698it [00:10, 66.38it/s]
[A706it [00:10, 68.14it/s]

706it [00:10, 68.15it/s]
[A713it [00:10, 66.06it/s]

713it [00:10, 66.06it/s]
[A721it [00:10, 67.32it/s]

721it [00:10, 67.32it/s]
[A728it [00:11, 56.58it/s]

728it [00:11, 56.57it/s]
[A734it [00:11, 57.06it/s]

734it [00:11, 57.06it/s]
[A740it [00:11, 57.14it/s]

740it [00:11, 57.14it/s]
[A748it [00:11, 62.17it/s]

748it [00:11, 62.16it/s]
[A755it [00:11, 59.78it/s]

755it [00:11, 59.78it/s]
[A762it [00:11, 58.36it/s]

762it [00:11, 58.36it/s]
[A770it [00:11, 63.44it/s]

770it [00:11, 63.44it/s]
[A777it [00:11, 63.30it/s]

777it [00:11, 63.29it/s]
[A784it [00:11, 63.12it/s]

784it [00:11, 63.12it/s]
[A792it [00:12, 65.53it/s]

792it [00:12, 65.53it/s]
[A799it [00:12, 63.43it/s]

799it [00:12, 63.43it/s]
[A806it [00:12, 62.40it/s]

806it [00:12, 62.40it/s]
[A813it [00:12, 62.29it/s]

813it [00:12, 62.29it/s]
[A821it [00:12, 64.08it/s]

821it [00:12, 64.08it/s]
[A828it [00:12, 64.41it/s]

828it [00:12, 64.41it/s]
[A837it [00:12, 70.32it/s]

837it [00:12, 70.32it/s]
[A845it [00:12, 72.78it/s]

845it [00:12, 72.79it/s]
[A853it [00:12, 74.41it/s]

853it [00:12, 74.41it/s]
[A861it [00:12, 75.13it/s]

861it [00:12, 75.13it/s]
[A869it [00:13, 71.18it/s]

869it [00:13, 71.18it/s]
[A877it [00:13, 70.81it/s]

877it [00:13, 70.81it/s]
[A885it [00:13, 72.26it/s]

885it [00:13, 72.26it/s]
[A893it [00:13, 72.85it/s]

893it [00:13, 72.85it/s]
[A901it [00:13, 70.72it/s]

901it [00:13, 70.72it/s]
[A909it [00:13, 68.87it/s]

909it [00:13, 68.87it/s]
[A916it [00:13, 66.34it/s]

916it [00:13, 66.35it/s]
[A923it [00:13, 65.68it/s]

923it [00:13, 65.68it/s]
[A930it [00:14, 65.01it/s]

930it [00:14, 65.01it/s]
[A938it [00:14, 67.27it/s]

938it [00:14, 67.27it/s]
[A946it [00:14, 70.29it/s]

946it [00:14, 70.29it/s]
[A954it [00:14, 67.27it/s]

954it [00:14, 67.27it/s]
[A961it [00:14, 59.93it/s]

961it [00:14, 59.93it/s]
[A969it [00:14, 63.36it/s]

969it [00:14, 63.36it/s]
[A977it [00:14, 65.91it/s]

977it [00:14, 65.91it/s]
[A
[A
0it [00:00, ?it/s]

0it [00:00, ?it/s]
[A6it [00:00, 55.76it/s]

6it [00:00, 55.91it/s]
[A12it [00:00, 56.48it/s]

12it [00:00, 56.58it/s]
[A18it [00:00, 55.87it/s]

18it [00:00, 55.95it/s]
[A25it [00:00, 58.13it/s]

25it [00:00, 58.18it/s]
[A31it [00:00, 56.16it/s]

31it [00:00, 56.19it/s]
[A38it [00:00, 59.14it/s]

38it [00:00, 59.17it/s]
[A46it [00:00, 62.44it/s]

46it [00:00, 62.47it/s]
[A53it [00:00, 61.56it/s]

53it [00:00, 61.57it/s]
[A59it [00:00, 60.08it/s]

59it [00:00, 60.09it/s]
[A66it [00:01, 60.87it/s]

66it [00:01, 60.88it/s]
[A72it [00:01, 59.41it/s]

72it [00:01, 59.42it/s]
[A78it [00:01, 58.82it/s]

78it [00:01, 58.82it/s]
[A86it [00:01, 62.12it/s]

86it [00:01, 62.12it/s]
[A93it [00:01, 60.20it/s]

93it [00:01, 60.20it/s]
[A100it [00:01, 60.48it/s]

100it [00:01, 60.48it/s]
[A107it [00:01, 59.31it/s]

107it [00:01, 59.31it/s]
[A114it [00:01, 61.68it/s]

114it [00:01, 61.68it/s]
[A121it [00:01, 63.81it/s]

121it [00:01, 63.81it/s]
[A128it [00:02, 50.53it/s]

128it [00:02, 50.53it/s]
[A135it [00:02, 53.94it/s]

135it [00:02, 53.94it/s]
[A
140it [00:02, 58.04it/s]
[A140it [00:02, 58.03it/s]

0it [00:00, ?it/s]
1117it [00:00, 11871.73it/s]

0it [00:00, ?it/s]
5226it [00:00, 52252.58it/s]
11915it [00:00, 55920.66it/s]
18868it [00:00, 59408.86it/s]
26547it [00:00, 63729.25it/s]
34238it [00:00, 67180.56it/s]
41836it [00:00, 69598.65it/s]
49222it [00:00, 70808.65it/s]
57220it [00:00, 73316.21it/s]
64633it [00:00, 73167.30it/s]
72049it [00:01, 73462.07it/s]
79514it [00:01, 73786.66it/s]
87160it [00:01, 74519.15it/s]
95087it [00:01, 75875.44it/s]
103129it [00:01, 77183.91it/s]
110909it [00:01, 77342.10it/s]
118634it [00:01, 76815.56it/s]
126402it [00:01, 77072.61it/s]
134438it [00:01, 78030.04it/s]
142476it [00:01, 78714.49it/s]
150376it [00:02, 78798.03it/s]
158257it [00:02, 78470.70it/s]
166106it [00:02, 77671.05it/s]
173876it [00:02, 77478.98it/s]
181969it [00:02, 78482.08it/s]
189841it [00:02, 78553.04it/s]
197700it [00:02, 77605.73it/s]
205540it [00:02, 77831.23it/s]
213716it [00:02, 78953.57it/s]
221984it [00:02, 80033.27it/s]
229996it [00:03, 80038.41it/s]
238006it [00:03, 79871.73it/s]
245998it [00:03, 79311.87it/s]
253933it [00:03, 77846.41it/s]
261727it [00:03, 77026.16it/s]
269881it [00:03, 78314.27it/s]
278153it [00:03, 79567.54it/s]
286123it [00:03, 78473.37it/s]
293983it [00:03, 77574.20it/s]
301752it [00:03, 76781.83it/s]
309440it [00:04, 76543.47it/s]
317281it [00:04, 77065.87it/s]
325016it [00:04, 77133.36it/s]
332844it [00:04, 77466.65it/s]
340650it [00:04, 77639.31it/s]
348417it [00:04, 77072.67it/s]
356540it [00:04, 78273.17it/s]
364374it [00:04, 78019.06it/s]
372181it [00:04, 77769.15it/s]
379962it [00:04, 75219.54it/s]
387637it [00:05, 75646.27it/s]
395217it [00:05, 75684.56it/s]
400000it [00:05, 76597.34it/s]

  0%|          | 0/977 [00:00<?, ?it/s]
parse_acc: 0.0000, denotation_acc: 0.0000, lf_percent: 0.0000, loss: 14.4308 ||:   0%|          | 3/977 [00:00<00:33, 29.38it/s]
parse_acc: 0.0000, denotation_acc: 0.0000, lf_percent: 0.0000, loss: 13.6664 ||:   1%|          | 7/977 [00:00<00:30, 31.60it/s]
parse_acc: 0.0000, denotation_acc: 0.0000, lf_percent: 0.0000, loss: 13.4721 ||:   1%|1         | 11/977 [00:00<00:30, 31.79it/s]
parse_acc: 0.0000, denotation_acc: 0.0000, lf_percent: 0.0000, loss: 13.1562 ||:   2%|1         | 15/977 [00:00<00:30, 32.00it/s]
parse_acc: 0.0000, denotation_acc: 0.0000, lf_percent: 0.0000, loss: 12.4806 ||:   2%|1         | 19/977 [00:00<00:28, 33.40it/s]
parse_acc: 0.0000, denotation_acc: 0.0000, lf_percent: 0.0000, loss: 11.9137 ||:   2%|2         | 23/977 [00:00<00:27, 34.45it/s]
parse_acc: 0.0000, denotation_acc: 0.0000, lf_percent: 0.0000, loss: 11.5411 ||:   3%|2         | 27/977 [00:00<00:27, 34.97it/s]
parse_acc: 0.0000, denotation_acc: 0.0000, lf_percent: 0.0000, loss: 11.4257 ||:   3%|3         | 31/977 [00:00<00:27, 34.86it/s]
parse_acc: 0.0000, denotation_acc: 0.0000, lf_percent: 0.0000, loss: 11.2331 ||:   4%|3         | 35/977 [00:01<00:26, 35.54it/s]
parse_acc: 0.0000, denotation_acc: 0.0000, lf_percent: 0.0000, loss: 11.6573 ||:   4%|3         | 39/977 [00:01<00:26, 34.76it/s]
parse_acc: 0.0000, denotation_acc: 0.0000, lf_percent: 0.0000, loss: 11.7361 ||:   4%|4         | 43/977 [00:01<00:26, 35.67it/s]
parse_acc: 0.0000, denotation_acc: 0.0000, lf_percent: 0.0000, loss: 11.7311 ||:   5%|4         | 47/977 [00:01<00:25, 35.83it/s]
parse_acc: 0.0000, denotation_acc: 0.0000, lf_percent: 0.0000, loss: 11.5250 ||:   5%|5         | 51/977 [00:01<00:25, 36.28it/s]
parse_acc: 0.0000, denotation_acc: 0.0000, lf_percent: 0.0000, loss: 11.3900 ||:   6%|5         | 55/977 [00:01<00:25, 35.57it/s]
parse_acc: 0.0000, denotation_acc: 0.0000, lf_percent: 0.0000, loss: 11.6326 ||:   6%|6         | 59/977 [00:01<00:26, 34.50it/s]
parse_acc: 0.0000, denotation_acc: 0.0000, lf_percent: 0.0000, loss: 11.5009 ||:   6%|6         | 63/977 [00:01<00:26, 34.56it/s]
parse_acc: 0.0000, denotation_acc: 0.0000, lf_percent: 0.0000, loss: 11.3508 ||:   7%|6         | 67/977 [00:01<00:26, 34.75it/s]
parse_acc: 0.0000, denotation_acc: 0.0000, lf_percent: 0.0000, loss: 11.3535 ||:   7%|7         | 71/977 [00:02<00:25, 34.90it/s]
parse_acc: 0.0000, denotation_acc: 0.0000, lf_percent: 0.0000, loss: 11.2626 ||:   8%|7         | 75/977 [00:02<00:25, 35.41it/s]
parse_acc: 0.0000, denotation_acc: 0.0000, lf_percent: 0.0000, loss: 11.1462 ||:   8%|8         | 79/977 [00:02<00:24, 36.41it/s]
parse_acc: 0.0000, denotation_acc: 0.0000, lf_percent: 0.0000, loss: 11.1696 ||:   8%|8         | 83/977 [00:02<00:24, 36.18it/s]
parse_acc: 0.0000, denotation_acc: 0.0000, lf_percent: 0.0000, loss: 11.0867 ||:   9%|8         | 87/977 [00:02<00:24, 36.61it/s]
parse_acc: 0.0000, denotation_acc: 0.0000, lf_percent: 0.0000, loss: 11.2491 ||:   9%|9         | 91/977 [00:02<00:26, 33.90it/s]
parse_acc: 0.0000, denotation_acc: 0.0000, lf_percent: 0.0000, loss: 11.1390 ||:  10%|9         | 95/977 [00:02<00:25, 33.98it/s]
parse_acc: 0.0000, denotation_acc: 0.0000, lf_percent: 0.0000, loss: 11.0624 ||:  10%|#         | 99/977 [00:02<00:25, 34.64it/s]
parse_acc: 0.0000, denotation_acc: 0.0000, lf_percent: 0.0000, loss: 11.0903 ||:  11%|#         | 103/977 [00:02<00:25, 33.88it/s]
parse_acc: 0.0000, denotation_acc: 0.0000, lf_percent: 0.0000, loss: 11.1544 ||:  11%|#         | 107/977 [00:03<00:25, 33.61it/s]
parse_acc: 0.0000, denotation_acc: 0.0000, lf_percent: 0.0000, loss: 11.2908 ||:  11%|#1        | 111/977 [00:03<00:26, 32.82it/s]
parse_acc: 0.0000, denotation_acc: 0.0000, lf_percent: 0.0000, loss: 11.2445 ||:  12%|#1        | 115/977 [00:03<00:25, 34.21it/s]
parse_acc: 0.0000, denotation_acc: 0.0000, lf_percent: 0.0000, loss: 11.4144 ||:  12%|#2        | 119/977 [00:03<00:26, 32.93it/s]
parse_acc: 0.0000, denotation_acc: 0.0000, lf_percent: 0.0000, loss: 11.3619 ||:  13%|#2        | 123/977 [00:03<00:24, 34.66it/s]
parse_acc: 0.0000, denotation_acc: 0.0000, lf_percent: 0.0000, loss: 11.3141 ||:  13%|#2        | 127/977 [00:03<00:23, 35.49it/s]
parse_acc: 0.0000, denotation_acc: 0.0000, lf_percent: 0.0000, loss: 11.3390 ||:  13%|#3        | 131/977 [00:03<00:24, 34.79it/s]
parse_acc: 0.0000, denotation_acc: 0.0000, lf_percent: 0.0000, loss: 11.2714 ||:  14%|#3        | 135/977 [00:03<00:24, 35.04it/s]
parse_acc: 0.0000, denotation_acc: 0.0000, lf_percent: 0.0000, loss: 11.3120 ||:  14%|#4        | 139/977 [00:04<00:25, 33.13it/s]
parse_acc: 0.0000, denotation_acc: 0.0000, lf_percent: 0.0000, loss: 11.3204 ||:  15%|#4        | 144/977 [00:04<00:24, 34.20it/s]
parse_acc: 0.0000, denotation_acc: 0.0000, lf_percent: 0.0000, loss: 11.3360 ||:  15%|#5        | 148/977 [00:04<00:23, 35.25it/s]
parse_acc: 0.0000, denotation_acc: 0.0000, lf_percent: 0.0000, loss: 11.4155 ||:  16%|#5        | 152/977 [00:04<00:23, 34.95it/s]
parse_acc: 0.0000, denotation_acc: 0.0000, lf_percent: 0.0000, loss: 11.4181 ||:  16%|#5        | 156/977 [00:04<00:23, 34.68it/s]
parse_acc: 0.0000, denotation_acc: 0.0000, lf_percent: 0.0000, loss: 11.5478 ||:  16%|#6        | 160/977 [00:04<00:26, 30.78it/s]
parse_acc: 0.0000, denotation_acc: 0.0000, lf_percent: 0.0000, loss: 11.5498 ||:  17%|#6        | 164/977 [00:04<00:25, 31.34it/s]
parse_acc: 0.0000, denotation_acc: 0.0000, lf_percent: 0.0000, loss: 11.5398 ||:  17%|#7        | 168/977 [00:04<00:25, 32.15it/s]
parse_acc: 0.0000, denotation_acc: 0.0000, lf_percent: 0.0000, loss: 11.5347 ||:  18%|#7        | 172/977 [00:05<00:25, 31.82it/s]
parse_acc: 0.0000, denotation_acc: 0.0000, lf_percent: 0.0000, loss: 11.4810 ||:  18%|#8        | 176/977 [00:05<00:23, 33.49it/s]
parse_acc: 0.0000, denotation_acc: 0.0000, lf_percent: 0.0000, loss: 11.4768 ||:  18%|#8        | 180/977 [00:05<00:23, 33.75it/s]
parse_acc: 0.0000, denotation_acc: 0.0000, lf_percent: 0.0000, loss: 11.5284 ||:  19%|#8        | 184/977 [00:05<00:24, 31.98it/s]
parse_acc: 0.0000, denotation_acc: 0.0000, lf_percent: 0.0000, loss: 11.5265 ||:  19%|#9        | 188/977 [00:05<00:24, 32.61it/s]
parse_acc: 0.0000, denotation_acc: 0.0000, lf_percent: 0.0000, loss: 11.5320 ||:  20%|#9        | 192/977 [00:05<00:24, 32.57it/s]
parse_acc: 0.0000, denotation_acc: 0.0000, lf_percent: 0.0000, loss: 11.5686 ||:  20%|##        | 196/977 [00:05<00:23, 32.86it/s]
parse_acc: 0.0000, denotation_acc: 0.0000, lf_percent: 0.0000, loss: 11.6112 ||:  20%|##        | 200/977 [00:05<00:24, 31.10it/s]
parse_acc: 0.0000, denotation_acc: 0.0000, lf_percent: 0.0000, loss: 11.5512 ||:  21%|##        | 204/977 [00:06<00:24, 31.75it/s]
parse_acc: 0.0000, denotation_acc: 0.0000, lf_percent: 0.0000, loss: 11.5221 ||:  21%|##1       | 208/977 [00:06<00:23, 33.00it/s]
parse_acc: 0.0000, denotation_acc: 0.0000, lf_percent: 0.0000, loss: 11.5267 ||:  22%|##1       | 212/977 [00:06<00:22, 33.65it/s]
parse_acc: 0.0000, denotation_acc: 0.0000, lf_percent: 0.0000, loss: 11.4720 ||:  22%|##2       | 216/977 [00:06<00:22, 34.57it/s]
parse_acc: 0.0000, denotation_acc: 0.0000, lf_percent: 0.0000, loss: 11.4994 ||:  23%|##2       | 220/977 [00:06<00:21, 34.62it/s]
parse_acc: 0.0000, denotation_acc: 0.0000, lf_percent: 0.0000, loss: 11.4650 ||:  23%|##2       | 224/977 [00:06<00:21, 35.61it/s]
parse_acc: 0.0000, denotation_acc: 0.0000, lf_percent: 0.0000, loss: 11.4722 ||:  23%|##3       | 228/977 [00:06<00:20, 35.86it/s]
parse_acc: 0.0000, denotation_acc: 0.0000, lf_percent: 0.0000, loss: 11.4379 ||:  24%|##3       | 232/977 [00:06<00:20, 36.29it/s]
parse_acc: 0.0000, denotation_acc: 0.0000, lf_percent: 0.0000, loss: 11.4172 ||:  24%|##4       | 236/977 [00:06<00:20, 36.22it/s]
parse_acc: 0.0000, denotation_acc: 0.0000, lf_percent: 0.0000, loss: 11.3593 ||:  25%|##4       | 240/977 [00:06<00:20, 36.76it/s]
parse_acc: 0.0000, denotation_acc: 0.0000, lf_percent: 0.0000, loss: 11.4149 ||:  25%|##4       | 244/977 [00:07<00:20, 35.03it/s]
parse_acc: 0.0000, denotation_acc: 0.0000, lf_percent: 0.0000, loss: 11.4626 ||:  25%|##5       | 248/977 [00:07<00:21, 34.34it/s]
parse_acc: 0.0000, denotation_acc: 0.0000, lf_percent: 0.0000, loss: 11.5100 ||:  26%|##5       | 252/977 [00:07<00:22, 32.49it/s]
parse_acc: 0.0000, denotation_acc: 0.0000, lf_percent: 0.0000, loss: 11.5508 ||:  26%|##6       | 256/977 [00:07<00:22, 32.42it/s]
parse_acc: 0.0000, denotation_acc: 0.0000, lf_percent: 0.0000, loss: 11.5824 ||:  27%|##6       | 260/977 [00:07<00:21, 32.86it/s]
parse_acc: 0.0000, denotation_acc: 0.0000, lf_percent: 0.0000, loss: 11.5826 ||:  27%|##7       | 264/977 [00:07<00:21, 32.97it/s]
parse_acc: 0.0000, denotation_acc: 0.0000, lf_percent: 0.0000, loss: 11.5790 ||:  27%|##7       | 268/977 [00:07<00:21, 33.21it/s]
parse_acc: 0.0000, denotation_acc: 0.0000, lf_percent: 0.0000, loss: 11.5816 ||:  28%|##7       | 272/977 [00:07<00:21, 33.10it/s]
parse_acc: 0.0000, denotation_acc: 0.0000, lf_percent: 0.0000, loss: 11.5746 ||:  28%|##8       | 276/977 [00:08<00:20, 33.90it/s]
parse_acc: 0.0000, denotation_acc: 0.0000, lf_percent: 0.0000, loss: 11.5719 ||:  29%|##8       | 280/977 [00:08<00:21, 32.14it/s]
parse_acc: 0.0000, denotation_acc: 0.0000, lf_percent: 0.0000, loss: 11.5949 ||:  29%|##9       | 284/977 [00:08<00:21, 32.25it/s]
parse_acc: 0.0000, denotation_acc: 0.0000, lf_percent: 0.0000, loss: 11.6300 ||:  29%|##9       | 288/977 [00:08<00:21, 32.26it/s]
parse_acc: 0.0000, denotation_acc: 0.0000, lf_percent: 0.0000, loss: 11.6306 ||:  30%|##9       | 292/977 [00:08<00:20, 33.32it/s]
parse_acc: 0.0000, denotation_acc: 0.0000, lf_percent: 0.0000, loss: 11.6614 ||:  30%|###       | 296/977 [00:08<00:20, 32.71it/s]
parse_acc: 0.0000, denotation_acc: 0.0000, lf_percent: 0.0000, loss: 11.6511 ||:  31%|###       | 300/977 [00:08<00:21, 31.87it/s]
parse_acc: 0.0000, denotation_acc: 0.0000, lf_percent: 0.0000, loss: 11.6556 ||:  31%|###1      | 304/977 [00:08<00:20, 32.70it/s]
parse_acc: 0.0000, denotation_acc: 0.0000, lf_percent: 0.0000, loss: 11.6284 ||:  32%|###1      | 308/977 [00:09<00:19, 33.96it/s]
parse_acc: 0.0000, denotation_acc: 0.0000, lf_percent: 0.0000, loss: 11.6417 ||:  32%|###1      | 312/977 [00:09<00:20, 32.85it/s]
parse_acc: 0.0000, denotation_acc: 0.0000, lf_percent: 0.0000, loss: 11.6328 ||:  32%|###2      | 316/977 [00:09<00:20, 32.25it/s]
parse_acc: 0.0000, denotation_acc: 0.0000, lf_percent: 0.0000, loss: 11.6266 ||:  33%|###2      | 320/977 [00:09<00:19, 33.37it/s]
parse_acc: 0.0000, denotation_acc: 0.0000, lf_percent: 0.0000, loss: 11.6248 ||:  33%|###3      | 324/977 [00:09<00:20, 32.58it/s]
parse_acc: 0.0000, denotation_acc: 0.0000, lf_percent: 0.0000, loss: 11.6239 ||:  34%|###3      | 328/977 [00:09<00:20, 31.55it/s]
parse_acc: 0.0000, denotation_acc: 0.0000, lf_percent: 0.0000, loss: 11.6045 ||:  34%|###3      | 332/977 [00:09<00:21, 30.55it/s]
parse_acc: 0.0000, denotation_acc: 0.0000, lf_percent: 0.0000, loss: 11.5819 ||:  34%|###4      | 336/977 [00:09<00:20, 30.60it/s]
parse_acc: 0.0000, denotation_acc: 0.0000, lf_percent: 0.0000, loss: 11.5502 ||:  35%|###4      | 340/977 [00:10<00:20, 31.60it/s]
parse_acc: 0.0000, denotation_acc: 0.0000, lf_percent: 0.0000, loss: 11.5406 ||:  35%|###5      | 344/977 [00:10<00:19, 32.55it/s]
parse_acc: 0.0000, denotation_acc: 0.0000, lf_percent: 0.0000, loss: 11.5321 ||:  36%|###5      | 348/977 [00:10<00:19, 31.94it/s]
parse_acc: 0.0000, denotation_acc: 0.0000, lf_percent: 0.0000, loss: 11.5201 ||:  36%|###6      | 352/977 [00:10<00:18, 32.95it/s]
parse_acc: 0.0000, denotation_acc: 0.0000, lf_percent: 0.0000, loss: 11.5258 ||:  36%|###6      | 356/977 [00:10<00:18, 32.98it/s]
parse_acc: 0.0000, denotation_acc: 0.0000, lf_percent: 0.0000, loss: 11.5437 ||:  37%|###6      | 360/977 [00:10<00:19, 31.97it/s]
parse_acc: 0.0000, denotation_acc: 0.0000, lf_percent: 0.0000, loss: 11.5413 ||:  37%|###7      | 364/977 [00:10<00:18, 32.67it/s]
parse_acc: 0.0000, denotation_acc: 0.0000, lf_percent: 0.0000, loss: 11.5531 ||:  38%|###7      | 368/977 [00:10<00:18, 32.31it/s]
parse_acc: 0.0000, denotation_acc: 0.0000, lf_percent: 0.0000, loss: 11.5534 ||:  38%|###8      | 372/977 [00:11<00:18, 31.97it/s]
parse_acc: 0.0000, denotation_acc: 0.0000, lf_percent: 0.0000, loss: 11.5433 ||:  38%|###8      | 376/977 [00:11<00:18, 32.47it/s]
parse_acc: 0.0000, denotation_acc: 0.0000, lf_percent: 0.0000, loss: 11.5197 ||:  39%|###8      | 380/977 [00:11<00:17, 33.40it/s]
parse_acc: 0.0000, denotation_acc: 0.0000, lf_percent: 0.0000, loss: 11.5362 ||:  39%|###9      | 384/977 [00:11<00:18, 32.71it/s]
parse_acc: 0.0000, denotation_acc: 0.0000, lf_percent: 0.0000, loss: 11.5256 ||:  40%|###9      | 388/977 [00:11<00:17, 33.88it/s]
parse_acc: 0.0000, denotation_acc: 0.0000, lf_percent: 0.0000, loss: 11.5206 ||:  40%|####      | 392/977 [00:11<00:17, 34.13it/s]
parse_acc: 0.0000, denotation_acc: 0.0000, lf_percent: 0.0000, loss: 11.5222 ||:  41%|####      | 396/977 [00:11<00:17, 34.08it/s]
parse_acc: 0.0000, denotation_acc: 0.0000, lf_percent: 0.0000, loss: 11.5338 ||:  41%|####      | 400/977 [00:11<00:18, 31.90it/s]
parse_acc: 0.0000, denotation_acc: 0.0000, lf_percent: 0.0000, loss: 11.5096 ||:  41%|####1     | 404/977 [00:12<00:17, 33.42it/s]
parse_acc: 0.0000, denotation_acc: 0.0000, lf_percent: 0.0000, loss: 11.4831 ||:  42%|####1     | 408/977 [00:12<00:17, 33.30it/s]
parse_acc: 0.0000, denotation_acc: 0.0000, lf_percent: 0.0000, loss: 11.4500 ||:  42%|####2     | 412/977 [00:12<00:16, 34.85it/s]
parse_acc: 0.0000, denotation_acc: 0.0000, lf_percent: 0.0000, loss: 11.4203 ||:  43%|####2     | 416/977 [00:12<00:16, 34.34it/s]
parse_acc: 0.0000, denotation_acc: 0.0000, lf_percent: 0.0000, loss: 11.4288 ||:  43%|####2     | 420/977 [00:12<00:16, 34.53it/s]
parse_acc: 0.0000, denotation_acc: 0.0000, lf_percent: 0.0000, loss: 11.4263 ||:  43%|####3     | 424/977 [00:12<00:16, 34.51it/s]
parse_acc: 0.0000, denotation_acc: 0.0000, lf_percent: 0.0000, loss: 11.4001 ||:  44%|####3     | 428/977 [00:12<00:15, 35.92it/s]
parse_acc: 0.0000, denotation_acc: 0.0000, lf_percent: 0.0000, loss: 11.4034 ||:  44%|####4     | 432/977 [00:12<00:15, 35.89it/s]
parse_acc: 0.0000, denotation_acc: 0.0000, lf_percent: 0.0000, loss: 11.3829 ||:  45%|####4     | 436/977 [00:12<00:15, 35.64it/s]
parse_acc: 0.0000, denotation_acc: 0.0000, lf_percent: 0.0000, loss: 11.4177 ||:  45%|####5     | 440/977 [00:13<00:16, 33.01it/s]
parse_acc: 0.0000, denotation_acc: 0.0000, lf_percent: 0.0000, loss: 11.4302 ||:  45%|####5     | 444/977 [00:13<00:16, 32.83it/s]
parse_acc: 0.0000, denotation_acc: 0.0000, lf_percent: 0.0000, loss: 11.4477 ||:  46%|####5     | 448/977 [00:13<00:15, 33.35it/s]
parse_acc: 0.0000, denotation_acc: 0.0000, lf_percent: 0.0000, loss: 11.4384 ||:  46%|####6     | 452/977 [00:13<00:15, 33.20it/s]
parse_acc: 0.0000, denotation_acc: 0.0000, lf_percent: 0.0000, loss: 11.4387 ||:  47%|####6     | 456/977 [00:13<00:15, 32.92it/s]
parse_acc: 0.0000, denotation_acc: 0.0000, lf_percent: 0.0000, loss: 11.4197 ||:  47%|####7     | 460/977 [00:13<00:15, 34.11it/s]
parse_acc: 0.0000, denotation_acc: 0.0000, lf_percent: 0.0000, loss: 11.4173 ||:  47%|####7     | 464/977 [00:13<00:14, 34.59it/s]
parse_acc: 0.0000, denotation_acc: 0.0000, lf_percent: 0.0000, loss: 11.4247 ||:  48%|####7     | 468/977 [00:13<00:15, 32.01it/s]
parse_acc: 0.0000, denotation_acc: 0.0000, lf_percent: 0.0000, loss: 11.4119 ||:  48%|####8     | 472/977 [00:14<00:15, 32.87it/s]
parse_acc: 0.0000, denotation_acc: 0.0000, lf_percent: 0.0000, loss: 11.4272 ||:  49%|####8     | 476/977 [00:14<00:14, 34.02it/s]
parse_acc: 0.0000, denotation_acc: 0.0000, lf_percent: 0.0000, loss: 11.4342 ||:  49%|####9     | 480/977 [00:14<00:14, 34.03it/s]
parse_acc: 0.0000, denotation_acc: 0.0000, lf_percent: 0.0000, loss: 11.4481 ||:  50%|####9     | 484/977 [00:14<00:14, 33.34it/s]
parse_acc: 0.0000, denotation_acc: 0.0000, lf_percent: 0.0000, loss: 11.4383 ||:  50%|####9     | 488/977 [00:14<00:14, 34.70it/s]
parse_acc: 0.0000, denotation_acc: 0.0000, lf_percent: 0.0000, loss: 11.4683 ||:  50%|#####     | 492/977 [00:14<00:14, 33.60it/s]
parse_acc: 0.0000, denotation_acc: 0.0000, lf_percent: 0.0000, loss: 11.4747 ||:  51%|#####     | 496/977 [00:14<00:14, 33.64it/s]
parse_acc: 0.0000, denotation_acc: 0.0000, lf_percent: 0.0000, loss: 11.4517 ||:  51%|#####1    | 500/977 [00:14<00:14, 33.99it/s]
parse_acc: 0.0000, denotation_acc: 0.0000, lf_percent: 0.0000, loss: 11.4399 ||:  52%|#####1    | 504/977 [00:14<00:13, 34.39it/s]
parse_acc: 0.0000, denotation_acc: 0.0000, lf_percent: 0.0000, loss: 11.4401 ||:  52%|#####1    | 508/977 [00:15<00:13, 34.52it/s]
parse_acc: 0.0000, denotation_acc: 0.0000, lf_percent: 0.0000, loss: 11.4462 ||:  52%|#####2    | 512/977 [00:15<00:13, 34.55it/s]
parse_acc: 0.0000, denotation_acc: 0.0000, lf_percent: 0.0000, loss: 11.4705 ||:  53%|#####2    | 516/977 [00:15<00:13, 34.96it/s]
parse_acc: 0.0000, denotation_acc: 0.0000, lf_percent: 0.0000, loss: 11.4622 ||:  53%|#####3    | 520/977 [00:15<00:13, 35.00it/s]
parse_acc: 0.0000, denotation_acc: 0.0000, lf_percent: 0.0000, loss: 11.4473 ||:  54%|#####3    | 524/977 [00:15<00:12, 36.24it/s]
parse_acc: 0.0000, denotation_acc: 0.0000, lf_percent: 0.0000, loss: 11.4578 ||:  54%|#####4    | 528/977 [00:15<00:13, 33.37it/s]
parse_acc: 0.0000, denotation_acc: 0.0000, lf_percent: 0.0000, loss: 11.4714 ||:  54%|#####4    | 532/977 [00:15<00:13, 33.16it/s]
parse_acc: 0.0000, denotation_acc: 0.0000, lf_percent: 0.0000, loss: 11.4660 ||:  55%|#####4    | 536/977 [00:15<00:12, 34.43it/s]
parse_acc: 0.0000, denotation_acc: 0.0000, lf_percent: 0.0000, loss: 11.4608 ||:  55%|#####5    | 540/977 [00:15<00:12, 35.54it/s]
parse_acc: 0.0000, denotation_acc: 0.0000, lf_percent: 0.0000, loss: 11.4580 ||:  56%|#####5    | 544/977 [00:16<00:12, 35.42it/s]
parse_acc: 0.0000, denotation_acc: 0.0000, lf_percent: 0.0000, loss: 11.4595 ||:  56%|#####6    | 548/977 [00:16<00:12, 35.16it/s]
parse_acc: 0.0000, denotation_acc: 0.0000, lf_percent: 0.0000, loss: 11.4415 ||:  56%|#####6    | 552/977 [00:16<00:12, 34.17it/s]
parse_acc: 0.0000, denotation_acc: 0.0000, lf_percent: 0.0000, loss: 11.4373 ||:  57%|#####6    | 556/977 [00:16<00:12, 33.88it/s]
parse_acc: 0.0000, denotation_acc: 0.0000, lf_percent: 0.0000, loss: 11.4313 ||:  57%|#####7    | 560/977 [00:16<00:12, 33.76it/s]
parse_acc: 0.0000, denotation_acc: 0.0000, lf_percent: 0.0000, loss: 11.4184 ||:  58%|#####7    | 564/977 [00:16<00:12, 34.36it/s]
parse_acc: 0.0000, denotation_acc: 0.0000, lf_percent: 0.0000, loss: 11.4173 ||:  58%|#####8    | 568/977 [00:16<00:11, 34.21it/s]
parse_acc: 0.0000, denotation_acc: 0.0000, lf_percent: 0.0000, loss: 11.4092 ||:  59%|#####8    | 572/977 [00:16<00:11, 34.88it/s]
parse_acc: 0.0000, denotation_acc: 0.0000, lf_percent: 0.0000, loss: 11.3943 ||:  59%|#####8    | 576/977 [00:17<00:11, 35.15it/s]
parse_acc: 0.0000, denotation_acc: 0.0000, lf_percent: 0.0000, loss: 11.3960 ||:  59%|#####9    | 580/977 [00:17<00:11, 33.47it/s]
parse_acc: 0.0000, denotation_acc: 0.0000, lf_percent: 0.0000, loss: 11.3866 ||:  60%|#####9    | 584/977 [00:17<00:11, 34.47it/s]
parse_acc: 0.0000, denotation_acc: 0.0000, lf_percent: 0.0000, loss: 11.3689 ||:  60%|######    | 588/977 [00:17<00:10, 35.93it/s]
parse_acc: 0.0000, denotation_acc: 0.0000, lf_percent: 0.0000, loss: 11.3711 ||:  61%|######    | 592/977 [00:17<00:10, 35.98it/s]
parse_acc: 0.0000, denotation_acc: 0.0000, lf_percent: 0.0000, loss: 11.3686 ||:  61%|######1   | 596/977 [00:17<00:10, 35.88it/s]
parse_acc: 0.0000, denotation_acc: 0.0000, lf_percent: 0.0000, loss: 11.3704 ||:  61%|######1   | 600/977 [00:17<00:11, 33.88it/s]
parse_acc: 0.0000, denotation_acc: 0.0000, lf_percent: 0.0000, loss: 11.3732 ||:  62%|######1   | 604/977 [00:17<00:11, 33.58it/s]
parse_acc: 0.0000, denotation_acc: 0.0000, lf_percent: 0.0000, loss: 11.3599 ||:  62%|######2   | 608/977 [00:17<00:10, 34.86it/s]
parse_acc: 0.0000, denotation_acc: 0.0000, lf_percent: 0.0000, loss: 11.3773 ||:  63%|######2   | 612/977 [00:18<00:10, 33.78it/s]
parse_acc: 0.0000, denotation_acc: 0.0000, lf_percent: 0.0000, loss: 11.3658 ||:  63%|######3   | 616/977 [00:18<00:10, 34.94it/s]
parse_acc: 0.0000, denotation_acc: 0.0000, lf_percent: 0.0000, loss: 11.3821 ||:  63%|######3   | 620/977 [00:18<00:10, 32.68it/s]
parse_acc: 0.0000, denotation_acc: 0.0000, lf_percent: 0.0000, loss: 11.3932 ||:  64%|######3   | 624/977 [00:18<00:10, 32.42it/s]
parse_acc: 0.0000, denotation_acc: 0.0000, lf_percent: 0.0000, loss: 11.3813 ||:  64%|######4   | 628/977 [00:18<00:10, 32.77it/s]
parse_acc: 0.0000, denotation_acc: 0.0000, lf_percent: 0.0000, loss: 11.3925 ||:  65%|######4   | 632/977 [00:18<00:10, 32.03it/s]
parse_acc: 0.0000, denotation_acc: 0.0000, lf_percent: 0.0000, loss: 11.3860 ||:  65%|######5   | 636/977 [00:18<00:10, 32.67it/s]
parse_acc: 0.0000, denotation_acc: 0.0000, lf_percent: 0.0000, loss: 11.3774 ||:  66%|######5   | 640/977 [00:18<00:09, 34.12it/s]
parse_acc: 0.0000, denotation_acc: 0.0000, lf_percent: 0.0000, loss: 11.3789 ||:  66%|######5   | 644/977 [00:19<00:09, 34.76it/s]
parse_acc: 0.0000, denotation_acc: 0.0000, lf_percent: 0.0000, loss: 11.3588 ||:  66%|######6   | 648/977 [00:19<00:09, 34.84it/s]
parse_acc: 0.0000, denotation_acc: 0.0000, lf_percent: 0.0000, loss: 11.3555 ||:  67%|######6   | 652/977 [00:19<00:09, 33.78it/s]
parse_acc: 0.0000, denotation_acc: 0.0000, lf_percent: 0.0000, loss: 11.3608 ||:  67%|######7   | 656/977 [00:19<00:09, 33.88it/s]
parse_acc: 0.0000, denotation_acc: 0.0000, lf_percent: 0.0000, loss: 11.3450 ||:  68%|######7   | 660/977 [00:19<00:09, 34.29it/s]
parse_acc: 0.0000, denotation_acc: 0.0000, lf_percent: 0.0000, loss: 11.3504 ||:  68%|######7   | 664/977 [00:19<00:09, 33.11it/s]
parse_acc: 0.0000, denotation_acc: 0.0000, lf_percent: 0.0000, loss: 11.3381 ||:  68%|######8   | 668/977 [00:19<00:09, 31.58it/s]
parse_acc: 0.0000, denotation_acc: 0.0000, lf_percent: 0.0000, loss: 11.3422 ||:  69%|######8   | 672/977 [00:19<00:09, 31.57it/s]
parse_acc: 0.0000, denotation_acc: 0.0000, lf_percent: 0.0000, loss: 11.3261 ||:  69%|######9   | 676/977 [00:20<00:09, 31.78it/s]
parse_acc: 0.0000, denotation_acc: 0.0000, lf_percent: 0.0000, loss: 11.3294 ||:  70%|######9   | 680/977 [00:20<00:09, 30.66it/s]
parse_acc: 0.0000, denotation_acc: 0.0000, lf_percent: 0.0000, loss: 11.3200 ||:  70%|#######   | 684/977 [00:20<00:09, 32.11it/s]
parse_acc: 0.0000, denotation_acc: 0.0000, lf_percent: 0.0000, loss: 11.3060 ||:  70%|#######   | 688/977 [00:20<00:08, 33.65it/s]
parse_acc: 0.0000, denotation_acc: 0.0000, lf_percent: 0.0000, loss: 11.2932 ||:  71%|#######   | 692/977 [00:20<00:08, 32.82it/s]
parse_acc: 0.0000, denotation_acc: 0.0000, lf_percent: 0.0000, loss: 11.2867 ||:  71%|#######1  | 696/977 [00:20<00:08, 33.53it/s]
parse_acc: 0.0000, denotation_acc: 0.0000, lf_percent: 0.0000, loss: 11.2694 ||:  72%|#######1  | 700/977 [00:20<00:08, 33.90it/s]
parse_acc: 0.0000, denotation_acc: 0.0000, lf_percent: 0.0000, loss: 11.2563 ||:  72%|#######2  | 704/977 [00:20<00:07, 34.26it/s]
parse_acc: 0.0000, denotation_acc: 0.0000, lf_percent: 0.0000, loss: 11.2408 ||:  72%|#######2  | 708/977 [00:20<00:07, 34.86it/s]
parse_acc: 0.0000, denotation_acc: 0.0000, lf_percent: 0.0000, loss: 11.2165 ||:  73%|#######2  | 712/977 [00:21<00:07, 35.63it/s]
parse_acc: 0.0000, denotation_acc: 0.0000, lf_percent: 0.0000, loss: 11.2106 ||:  73%|#######3  | 716/977 [00:21<00:07, 35.57it/s]
parse_acc: 0.0000, denotation_acc: 0.0000, lf_percent: 0.0000, loss: 11.1971 ||:  74%|#######3  | 720/977 [00:21<00:07, 35.64it/s]
parse_acc: 0.0000, denotation_acc: 0.0000, lf_percent: 0.0000, loss: 11.1922 ||:  74%|#######4  | 724/977 [00:21<00:07, 34.53it/s]
parse_acc: 0.0000, denotation_acc: 0.0000, lf_percent: 0.0000, loss: 11.1675 ||:  75%|#######4  | 729/977 [00:21<00:06, 36.42it/s]
parse_acc: 0.0000, denotation_acc: 0.0000, lf_percent: 0.0000, loss: 11.1677 ||:  75%|#######5  | 733/977 [00:21<00:06, 35.38it/s]
parse_acc: 0.0000, denotation_acc: 0.0000, lf_percent: 0.0000, loss: 11.1434 ||:  75%|#######5  | 737/977 [00:21<00:06, 36.04it/s]
parse_acc: 0.0000, denotation_acc: 0.0000, lf_percent: 0.0000, loss: 11.1389 ||:  76%|#######5  | 741/977 [00:21<00:06, 35.42it/s]
parse_acc: 0.0000, denotation_acc: 0.0000, lf_percent: 0.0000, loss: 11.1156 ||:  76%|#######6  | 745/977 [00:22<00:06, 35.44it/s]
parse_acc: 0.0000, denotation_acc: 0.0000, lf_percent: 0.0000, loss: 11.1095 ||:  77%|#######6  | 749/977 [00:22<00:06, 34.99it/s]
parse_acc: 0.0000, denotation_acc: 0.0000, lf_percent: 0.0000, loss: 11.1046 ||:  77%|#######7  | 753/977 [00:22<00:06, 34.15it/s]
parse_acc: 0.0000, denotation_acc: 0.0000, lf_percent: 0.0000, loss: 11.1083 ||:  77%|#######7  | 757/977 [00:22<00:06, 33.29it/s]
parse_acc: 0.0000, denotation_acc: 0.0000, lf_percent: 0.0000, loss: 11.0968 ||:  78%|#######7  | 761/977 [00:22<00:06, 33.15it/s]
parse_acc: 0.0000, denotation_acc: 0.0000, lf_percent: 0.0000, loss: 11.0921 ||:  78%|#######8  | 765/977 [00:22<00:06, 32.86it/s]
parse_acc: 0.0000, denotation_acc: 0.0000, lf_percent: 0.0000, loss: 11.0849 ||:  79%|#######8  | 769/977 [00:22<00:06, 32.19it/s]
parse_acc: 0.0000, denotation_acc: 0.0000, lf_percent: 0.0000, loss: 11.0724 ||:  79%|#######9  | 773/977 [00:22<00:06, 31.79it/s]
parse_acc: 0.0000, denotation_acc: 0.0000, lf_percent: 0.0000, loss: 11.0598 ||:  80%|#######9  | 777/977 [00:22<00:05, 33.58it/s]
parse_acc: 0.0000, denotation_acc: 0.0000, lf_percent: 0.0000, loss: 11.0554 ||:  80%|#######9  | 781/977 [00:23<00:06, 32.15it/s]
parse_acc: 0.0000, denotation_acc: 0.0000, lf_percent: 0.0000, loss: 11.0504 ||:  80%|########  | 785/977 [00:23<00:05, 32.62it/s]
parse_acc: 0.0000, denotation_acc: 0.0000, lf_percent: 0.0000, loss: 11.0478 ||:  81%|########  | 789/977 [00:23<00:05, 31.76it/s]
parse_acc: 0.0000, denotation_acc: 0.0000, lf_percent: 0.0000, loss: 11.0406 ||:  81%|########1 | 793/977 [00:23<00:05, 31.85it/s]
parse_acc: 0.0000, denotation_acc: 0.0000, lf_percent: 0.0000, loss: 11.0241 ||:  82%|########1 | 797/977 [00:23<00:05, 32.59it/s]
parse_acc: 0.0000, denotation_acc: 0.0000, lf_percent: 0.0000, loss: 11.0153 ||:  82%|########1 | 801/977 [00:23<00:05, 31.71it/s]
parse_acc: 0.0000, denotation_acc: 0.0000, lf_percent: 0.0000, loss: 10.9989 ||:  82%|########2 | 805/977 [00:23<00:05, 30.92it/s]
parse_acc: 0.0000, denotation_acc: 0.0000, lf_percent: 0.0000, loss: 10.9938 ||:  83%|########2 | 809/977 [00:24<00:05, 31.51it/s]
parse_acc: 0.0000, denotation_acc: 0.0000, lf_percent: 0.0000, loss: 10.9810 ||:  83%|########3 | 813/977 [00:24<00:05, 31.87it/s]
parse_acc: 0.0000, denotation_acc: 0.0000, lf_percent: 0.0000, loss: 10.9708 ||:  84%|########3 | 817/977 [00:24<00:04, 33.67it/s]
parse_acc: 0.0000, denotation_acc: 0.0000, lf_percent: 0.0000, loss: 10.9501 ||:  84%|########4 | 821/977 [00:24<00:04, 33.83it/s]
parse_acc: 0.0000, denotation_acc: 0.0000, lf_percent: 0.0000, loss: 10.9476 ||:  84%|########4 | 825/977 [00:24<00:04, 33.33it/s]
parse_acc: 0.0000, denotation_acc: 0.0000, lf_percent: 0.0000, loss: 10.9370 ||:  85%|########4 | 829/977 [00:24<00:04, 33.30it/s]
parse_acc: 0.0000, denotation_acc: 0.0000, lf_percent: 0.0000, loss: 10.9249 ||:  85%|########5 | 833/977 [00:24<00:04, 33.68it/s]
parse_acc: 0.0000, denotation_acc: 0.0000, lf_percent: 0.0000, loss: 10.9213 ||:  86%|########5 | 837/977 [00:24<00:04, 33.31it/s]
parse_acc: 0.0000, denotation_acc: 0.0000, lf_percent: 0.0000, loss: 10.9073 ||:  86%|########6 | 841/977 [00:24<00:03, 34.50it/s]
parse_acc: 0.0000, denotation_acc: 0.0000, lf_percent: 0.0000, loss: 10.9032 ||:  86%|########6 | 845/977 [00:25<00:03, 33.60it/s]
parse_acc: 0.0000, denotation_acc: 0.0000, lf_percent: 0.0000, loss: 10.8823 ||:  87%|########6 | 849/977 [00:25<00:03, 34.48it/s]
parse_acc: 0.0000, denotation_acc: 0.0000, lf_percent: 0.0000, loss: 10.8831 ||:  87%|########7 | 853/977 [00:25<00:03, 33.83it/s]
parse_acc: 0.0000, denotation_acc: 0.0000, lf_percent: 0.0000, loss: 10.8754 ||:  88%|########7 | 857/977 [00:25<00:03, 34.60it/s]
parse_acc: 0.0000, denotation_acc: 0.0000, lf_percent: 0.0000, loss: 10.8677 ||:  88%|########8 | 861/977 [00:25<00:03, 34.27it/s]
parse_acc: 0.0000, denotation_acc: 0.0000, lf_percent: 0.0000, loss: 10.8496 ||:  89%|########8 | 865/977 [00:25<00:03, 34.85it/s]
parse_acc: 0.0000, denotation_acc: 0.0000, lf_percent: 0.0000, loss: 10.8262 ||:  89%|########9 | 870/977 [00:25<00:02, 36.12it/s]
parse_acc: 0.0000, denotation_acc: 0.0000, lf_percent: 0.0000, loss: 10.8081 ||:  90%|########9 | 875/977 [00:25<00:02, 36.12it/s]
parse_acc: 0.0000, denotation_acc: 0.0000, lf_percent: 0.0000, loss: 10.8008 ||:  90%|########9 | 879/977 [00:26<00:02, 36.20it/s]
parse_acc: 0.0000, denotation_acc: 0.0000, lf_percent: 0.0000, loss: 10.7992 ||:  90%|######### | 883/977 [00:26<00:02, 34.70it/s]
parse_acc: 0.0000, denotation_acc: 0.0000, lf_percent: 0.0000, loss: 10.7920 ||:  91%|######### | 887/977 [00:26<00:02, 32.89it/s]
parse_acc: 0.0000, denotation_acc: 0.0000, lf_percent: 0.0000, loss: 10.7824 ||:  91%|#########1| 891/977 [00:26<00:02, 31.75it/s]
parse_acc: 0.0000, denotation_acc: 0.0000, lf_percent: 0.0000, loss: 10.7723 ||:  92%|#########1| 895/977 [00:26<00:02, 32.18it/s]
parse_acc: 0.0000, denotation_acc: 0.0000, lf_percent: 0.0000, loss: 10.7575 ||:  92%|#########2| 899/977 [00:26<00:02, 33.55it/s]
parse_acc: 0.0000, denotation_acc: 0.0000, lf_percent: 0.0000, loss: 10.7464 ||:  92%|#########2| 903/977 [00:26<00:02, 29.98it/s]
parse_acc: 0.0000, denotation_acc: 0.0000, lf_percent: 0.0000, loss: 10.7402 ||:  93%|#########2| 907/977 [00:26<00:02, 28.31it/s]
parse_acc: 0.0000, denotation_acc: 0.0000, lf_percent: 0.0000, loss: 10.7418 ||:  93%|#########3| 910/977 [00:27<00:02, 27.11it/s]
parse_acc: 0.0000, denotation_acc: 0.0000, lf_percent: 0.0000, loss: 10.7349 ||:  93%|#########3| 913/977 [00:27<00:02, 25.40it/s]
parse_acc: 0.0000, denotation_acc: 0.0000, lf_percent: 0.0000, loss: 10.7223 ||:  94%|#########3| 917/977 [00:27<00:02, 27.16it/s]
parse_acc: 0.0000, denotation_acc: 0.0000, lf_percent: 0.0000, loss: 10.7026 ||:  94%|#########4| 921/977 [00:27<00:01, 29.16it/s]
parse_acc: 0.0000, denotation_acc: 0.0000, lf_percent: 0.0000, loss: 10.7017 ||:  95%|#########4| 925/977 [00:27<00:01, 29.79it/s]
parse_acc: 0.0000, denotation_acc: 0.0000, lf_percent: 0.0000, loss: 10.6913 ||:  95%|#########5| 929/977 [00:27<00:01, 28.90it/s]
parse_acc: 0.0000, denotation_acc: 0.0000, lf_percent: 0.0000, loss: 10.6890 ||:  95%|#########5| 932/977 [00:27<00:01, 26.82it/s]
parse_acc: 0.0000, denotation_acc: 0.0000, lf_percent: 0.0000, loss: 10.6814 ||:  96%|#########5| 935/977 [00:28<00:01, 24.96it/s]
parse_acc: 0.0000, denotation_acc: 0.0000, lf_percent: 0.0000, loss: 10.6733 ||:  96%|#########6| 938/977 [00:28<00:01, 25.13it/s]
parse_acc: 0.0000, denotation_acc: 0.0000, lf_percent: 0.0000, loss: 10.6741 ||:  96%|#########6| 942/977 [00:28<00:01, 26.33it/s]
parse_acc: 0.0000, denotation_acc: 0.0000, lf_percent: 0.0000, loss: 10.6643 ||:  97%|#########6| 945/977 [00:28<00:01, 25.25it/s]
parse_acc: 0.0000, denotation_acc: 0.0000, lf_percent: 0.0000, loss: 10.6567 ||:  97%|#########7| 948/977 [00:28<00:01, 25.33it/s]
parse_acc: 0.0000, denotation_acc: 0.0000, lf_percent: 0.0000, loss: 10.6494 ||:  97%|#########7| 952/977 [00:28<00:00, 26.86it/s]
parse_acc: 0.0000, denotation_acc: 0.0000, lf_percent: 0.0000, loss: 10.6403 ||:  98%|#########7| 956/977 [00:28<00:00, 27.92it/s]
parse_acc: 0.0000, denotation_acc: 0.0000, lf_percent: 0.0000, loss: 10.6309 ||:  98%|#########8| 960/977 [00:28<00:00, 30.07it/s]
parse_acc: 0.0000, denotation_acc: 0.0000, lf_percent: 0.0000, loss: 10.6297 ||:  99%|#########8| 964/977 [00:28<00:00, 30.88it/s]
parse_acc: 0.0000, denotation_acc: 0.0000, lf_percent: 0.0000, loss: 10.6157 ||:  99%|#########9| 968/977 [00:29<00:00, 31.20it/s]
parse_acc: 0.0000, denotation_acc: 0.0000, lf_percent: 0.0000, loss: 10.6034 ||:  99%|#########9| 972/977 [00:29<00:00, 33.03it/s]
parse_acc: 0.0000, denotation_acc: 0.0000, lf_percent: 0.0000, loss: 10.5903 ||: 100%|#########9| 976/977 [00:29<00:00, 34.16it/s]
parse_acc: 0.0000, denotation_acc: 0.0000, lf_percent: 0.0000, loss: 10.5871 ||: 100%|##########| 977/977 [00:29<00:00, 33.27it/s]

  0%|          | 0/140 [00:00<?, ?it/s]
parse_acc: 0.0000, denotation_acc: 0.2000, lf_percent: 1.0000, loss: 8.8736 ||:   4%|3         | 5/140 [00:00<00:03, 41.31it/s]
parse_acc: 0.0000, denotation_acc: 0.3000, lf_percent: 1.0000, loss: 7.6901 ||:   7%|7         | 10/140 [00:00<00:03, 41.28it/s]
parse_acc: 0.0000, denotation_acc: 0.3667, lf_percent: 1.0000, loss: 7.6487 ||:  11%|#         | 15/140 [00:00<00:02, 41.94it/s]
parse_acc: 0.0000, denotation_acc: 0.4250, lf_percent: 1.0000, loss: 7.5699 ||:  14%|#4        | 20/140 [00:00<00:02, 42.25it/s]
parse_acc: 0.0000, denotation_acc: 0.4600, lf_percent: 1.0000, loss: 7.7563 ||:  18%|#7        | 25/140 [00:00<00:02, 41.94it/s]
parse_acc: 0.0000, denotation_acc: 0.4833, lf_percent: 1.0000, loss: 7.6798 ||:  21%|##1       | 30/140 [00:00<00:02, 42.08it/s]
parse_acc: 0.0000, denotation_acc: 0.4857, lf_percent: 1.0000, loss: 7.5678 ||:  25%|##5       | 35/140 [00:00<00:02, 42.05it/s]
parse_acc: 0.0000, denotation_acc: 0.4750, lf_percent: 1.0000, loss: 7.6550 ||:  29%|##8       | 40/140 [00:00<00:02, 42.60it/s]
parse_acc: 0.0000, denotation_acc: 0.4444, lf_percent: 1.0000, loss: 7.8938 ||:  32%|###2      | 45/140 [00:01<00:02, 43.14it/s]
parse_acc: 0.0000, denotation_acc: 0.4600, lf_percent: 1.0000, loss: 7.7739 ||:  36%|###5      | 50/140 [00:01<00:02, 44.09it/s]
parse_acc: 0.0000, denotation_acc: 0.4545, lf_percent: 1.0000, loss: 7.8293 ||:  39%|###9      | 55/140 [00:01<00:01, 42.64it/s]
parse_acc: 0.0000, denotation_acc: 0.4583, lf_percent: 1.0000, loss: 7.7369 ||:  43%|####2     | 60/140 [00:01<00:01, 40.68it/s]
parse_acc: 0.0000, denotation_acc: 0.4462, lf_percent: 1.0000, loss: 7.7515 ||:  46%|####6     | 65/140 [00:01<00:02, 35.85it/s]
parse_acc: 0.0000, denotation_acc: 0.4714, lf_percent: 1.0000, loss: 7.6417 ||:  50%|#####     | 70/140 [00:01<00:01, 37.55it/s]
parse_acc: 0.0000, denotation_acc: 0.4865, lf_percent: 1.0000, loss: 7.6263 ||:  53%|#####2    | 74/140 [00:01<00:01, 37.68it/s]
parse_acc: 0.0000, denotation_acc: 0.4808, lf_percent: 1.0000, loss: 7.6736 ||:  56%|#####5    | 78/140 [00:01<00:01, 37.02it/s]
parse_acc: 0.0000, denotation_acc: 0.4817, lf_percent: 1.0000, loss: 7.6427 ||:  59%|#####8    | 82/140 [00:02<00:01, 34.15it/s]
parse_acc: 0.0000, denotation_acc: 0.4709, lf_percent: 1.0000, loss: 7.7036 ||:  61%|######1   | 86/140 [00:02<00:01, 34.21it/s]
parse_acc: 0.0000, denotation_acc: 0.4722, lf_percent: 1.0000, loss: 7.7027 ||:  64%|######4   | 90/140 [00:02<00:01, 35.55it/s]
parse_acc: 0.0000, denotation_acc: 0.4684, lf_percent: 1.0000, loss: 7.7506 ||:  68%|######7   | 95/140 [00:02<00:01, 37.20it/s]
parse_acc: 0.0000, denotation_acc: 0.4798, lf_percent: 1.0000, loss: 7.7442 ||:  71%|#######   | 99/140 [00:02<00:01, 37.62it/s]
parse_acc: 0.0000, denotation_acc: 0.4757, lf_percent: 1.0000, loss: 7.7495 ||:  74%|#######3  | 103/140 [00:02<00:00, 38.21it/s]
parse_acc: 0.0000, denotation_acc: 0.4720, lf_percent: 1.0000, loss: 7.6843 ||:  76%|#######6  | 107/140 [00:02<00:00, 34.93it/s]
parse_acc: 0.0000, denotation_acc: 0.4775, lf_percent: 1.0000, loss: 7.6835 ||:  79%|#######9  | 111/140 [00:02<00:00, 32.45it/s]
parse_acc: 0.0000, denotation_acc: 0.4871, lf_percent: 1.0000, loss: 7.6769 ||:  83%|########2 | 116/140 [00:03<00:00, 34.90it/s]
parse_acc: 0.0000, denotation_acc: 0.4875, lf_percent: 1.0000, loss: 7.7938 ||:  86%|########5 | 120/140 [00:03<00:00, 35.71it/s]
parse_acc: 0.0000, denotation_acc: 0.4920, lf_percent: 1.0000, loss: 7.8420 ||:  89%|########9 | 125/140 [00:03<00:00, 37.93it/s]
parse_acc: 0.0000, denotation_acc: 0.4846, lf_percent: 1.0000, loss: 7.8318 ||:  93%|#########2| 130/140 [00:03<00:00, 39.09it/s]
parse_acc: 0.0000, denotation_acc: 0.4852, lf_percent: 1.0000, loss: 7.8328 ||:  96%|#########6| 135/140 [00:03<00:00, 40.45it/s]
parse_acc: 0.0071, denotation_acc: 0.4893, lf_percent: 1.0000, loss: 7.8721 ||: 100%|##########| 140/140 [00:03<00:00, 34.39it/s]

  0%|          | 0/977 [00:00<?, ?it/s]
parse_acc: 0.0000, denotation_acc: 0.0000, lf_percent: 0.0000, loss: 9.9374 ||:   0%|          | 3/977 [00:00<00:34, 28.04it/s]
parse_acc: 0.0000, denotation_acc: 0.0000, lf_percent: 0.0000, loss: 8.6771 ||:   1%|          | 7/977 [00:00<00:33, 28.88it/s]
parse_acc: 0.0000, denotation_acc: 0.0000, lf_percent: 0.0000, loss: 9.2487 ||:   1%|1         | 10/977 [00:00<00:35, 27.45it/s]
parse_acc: 0.0000, denotation_acc: 0.0000, lf_percent: 0.0000, loss: 9.1988 ||:   1%|1         | 13/977 [00:00<00:37, 25.86it/s]
parse_acc: 0.0000, denotation_acc: 0.0000, lf_percent: 0.0000, loss: 8.6013 ||:   2%|1         | 17/977 [00:00<00:34, 27.58it/s]
parse_acc: 0.0000, denotation_acc: 0.0000, lf_percent: 0.0000, loss: 8.6438 ||:   2%|2         | 21/977 [00:00<00:33, 28.54it/s]
parse_acc: 0.0000, denotation_acc: 0.0000, lf_percent: 0.0000, loss: 8.4092 ||:   2%|2         | 24/977 [00:00<00:38, 24.63it/s]
parse_acc: 0.0000, denotation_acc: 0.0000, lf_percent: 0.0000, loss: 8.5210 ||:   3%|2         | 27/977 [00:01<00:39, 23.77it/s]
parse_acc: 0.0000, denotation_acc: 0.0000, lf_percent: 0.0000, loss: 8.5294 ||:   3%|3         | 31/977 [00:01<00:36, 26.00it/s]
parse_acc: 0.0000, denotation_acc: 0.0000, lf_percent: 0.0000, loss: 8.2009 ||:   4%|3         | 35/977 [00:01<00:32, 28.67it/s]
parse_acc: 0.0000, denotation_acc: 0.0000, lf_percent: 0.0000, loss: 7.9667 ||:   4%|4         | 40/977 [00:01<00:29, 31.46it/s]
parse_acc: 0.0000, denotation_acc: 0.0000, lf_percent: 0.0000, loss: 8.0654 ||:   5%|4         | 44/977 [00:01<00:29, 31.99it/s]
parse_acc: 0.0000, denotation_acc: 0.0000, lf_percent: 0.0000, loss: 7.9927 ||:   5%|4         | 48/977 [00:01<00:27, 33.38it/s]
parse_acc: 0.0000, denotation_acc: 0.0000, lf_percent: 0.0000, loss: 7.8303 ||:   5%|5         | 52/977 [00:01<00:27, 33.47it/s]
parse_acc: 0.0000, denotation_acc: 0.0000, lf_percent: 0.0000, loss: 8.0374 ||:   6%|5         | 56/977 [00:01<00:28, 32.67it/s]
parse_acc: 0.0000, denotation_acc: 0.0000, lf_percent: 0.0000, loss: 8.0731 ||:   6%|6         | 60/977 [00:01<00:27, 32.76it/s]
parse_acc: 0.0000, denotation_acc: 0.0000, lf_percent: 0.0000, loss: 8.0556 ||:   7%|6         | 64/977 [00:02<00:26, 33.86it/s]
parse_acc: 0.0000, denotation_acc: 0.0000, lf_percent: 0.0000, loss: 8.0721 ||:   7%|6         | 68/977 [00:02<00:26, 33.97it/s]
parse_acc: 0.0000, denotation_acc: 0.0000, lf_percent: 0.0000, loss: 8.0252 ||:   7%|7         | 72/977 [00:02<00:26, 34.78it/s]
parse_acc: 0.0000, denotation_acc: 0.0000, lf_percent: 0.0000, loss: 7.8855 ||:   8%|7         | 76/977 [00:02<00:26, 34.38it/s]
parse_acc: 0.0000, denotation_acc: 0.0000, lf_percent: 0.0000, loss: 7.8180 ||:   8%|8         | 80/977 [00:02<00:26, 33.78it/s]
parse_acc: 0.0000, denotation_acc: 0.0000, lf_percent: 0.0000, loss: 7.9674 ||:   9%|8         | 84/977 [00:02<00:29, 29.78it/s]
parse_acc: 0.0000, denotation_acc: 0.0000, lf_percent: 0.0000, loss: 7.9495 ||:   9%|9         | 88/977 [00:02<00:28, 30.93it/s]
parse_acc: 0.0000, denotation_acc: 0.0000, lf_percent: 0.0000, loss: 7.8465 ||:   9%|9         | 92/977 [00:02<00:27, 32.59it/s]
parse_acc: 0.0000, denotation_acc: 0.0000, lf_percent: 0.0000, loss: 7.9336 ||:  10%|9         | 96/977 [00:03<00:27, 32.40it/s]
parse_acc: 0.0000, denotation_acc: 0.0000, lf_percent: 0.0000, loss: 7.9361 ||:  10%|#         | 100/977 [00:03<00:26, 32.97it/s]
parse_acc: 0.0000, denotation_acc: 0.0000, lf_percent: 0.0000, loss: 7.9492 ||:  11%|#         | 104/977 [00:03<00:26, 32.51it/s]
parse_acc: 0.0000, denotation_acc: 0.0000, lf_percent: 0.0000, loss: 8.0911 ||:  11%|#1        | 108/977 [00:03<00:28, 30.54it/s]
parse_acc: 0.0000, denotation_acc: 0.0000, lf_percent: 0.0000, loss: 8.0862 ||:  11%|#1        | 112/977 [00:03<00:32, 26.58it/s]
parse_acc: 0.0000, denotation_acc: 0.0000, lf_percent: 0.0000, loss: 8.1315 ||:  12%|#1        | 115/977 [00:03<00:35, 24.12it/s]
parse_acc: 0.0000, denotation_acc: 0.0000, lf_percent: 0.0000, loss: 8.0968 ||:  12%|#2        | 118/977 [00:03<00:36, 23.74it/s]
parse_acc: 0.0000, denotation_acc: 0.0000, lf_percent: 0.0000, loss: 8.1198 ||:  12%|#2        | 121/977 [00:04<00:38, 22.37it/s]
parse_acc: 0.0000, denotation_acc: 0.0000, lf_percent: 0.0000, loss: 8.0883 ||:  13%|#2        | 124/977 [00:04<00:41, 20.67it/s]
parse_acc: 0.0000, denotation_acc: 0.0000, lf_percent: 0.0000, loss: 8.0582 ||:  13%|#2        | 127/977 [00:04<00:40, 21.13it/s]
parse_acc: 0.0000, denotation_acc: 0.0000, lf_percent: 0.0000, loss: 8.0670 ||:  13%|#3        | 130/977 [00:04<00:36, 23.06it/s]
parse_acc: 0.0000, denotation_acc: 0.0000, lf_percent: 0.0000, loss: 8.1036 ||:  14%|#3        | 133/977 [00:04<00:35, 24.05it/s]
parse_acc: 0.0000, denotation_acc: 0.0000, lf_percent: 0.0000, loss: 8.0933 ||:  14%|#4        | 137/977 [00:04<00:32, 25.87it/s]
parse_acc: 0.0000, denotation_acc: 0.0000, lf_percent: 0.0000, loss: 8.0956 ||:  14%|#4        | 141/977 [00:04<00:29, 28.33it/s]
parse_acc: 0.0000, denotation_acc: 0.0000, lf_percent: 0.0000, loss: 8.1497 ||:  15%|#4        | 144/977 [00:04<00:29, 28.69it/s]
parse_acc: 0.0000, denotation_acc: 0.0000, lf_percent: 0.0000, loss: 8.1515 ||:  15%|#5        | 148/977 [00:05<00:27, 29.80it/s]
parse_acc: 0.0000, denotation_acc: 0.0000, lf_percent: 0.0000, loss: 8.1817 ||:  16%|#5        | 152/977 [00:05<00:27, 29.90it/s]
parse_acc: 0.0000, denotation_acc: 0.0000, lf_percent: 0.0000, loss: 8.1566 ||:  16%|#5        | 156/977 [00:05<00:26, 31.12it/s]
parse_acc: 0.0000, denotation_acc: 0.0000, lf_percent: 0.0000, loss: 8.1265 ||:  16%|#6        | 160/977 [00:05<00:24, 32.77it/s]
parse_acc: 0.0000, denotation_acc: 0.0000, lf_percent: 0.0000, loss: 8.1146 ||:  17%|#6        | 164/977 [00:05<00:24, 33.73it/s]
parse_acc: 0.0000, denotation_acc: 0.0000, lf_percent: 0.0000, loss: 8.1221 ||:  17%|#7        | 168/977 [00:05<00:23, 34.01it/s]
parse_acc: 0.0000, denotation_acc: 0.0000, lf_percent: 0.0000, loss: 8.1180 ||:  18%|#7        | 172/977 [00:05<00:23, 34.58it/s]
parse_acc: 0.0000, denotation_acc: 0.0000, lf_percent: 0.0000, loss: 8.1802 ||:  18%|#8        | 176/977 [00:05<00:24, 32.09it/s]
parse_acc: 0.0000, denotation_acc: 0.0000, lf_percent: 0.0000, loss: 8.1441 ||:  18%|#8        | 180/977 [00:06<00:24, 32.61it/s]
parse_acc: 0.0000, denotation_acc: 0.0000, lf_percent: 0.0000, loss: 8.1458 ||:  19%|#8        | 184/977 [00:06<00:24, 32.78it/s]
parse_acc: 0.0000, denotation_acc: 0.0000, lf_percent: 0.0000, loss: 8.1435 ||:  19%|#9        | 188/977 [00:06<00:24, 32.82it/s]
parse_acc: 0.0000, denotation_acc: 0.0000, lf_percent: 0.0000, loss: 8.0978 ||:  20%|#9        | 192/977 [00:06<00:24, 32.59it/s]
parse_acc: 0.0000, denotation_acc: 0.0000, lf_percent: 0.0000, loss: 8.0813 ||:  20%|##        | 196/977 [00:06<00:23, 32.70it/s]
parse_acc: 0.0000, denotation_acc: 0.0000, lf_percent: 0.0000, loss: 8.0467 ||:  20%|##        | 200/977 [00:06<00:22, 34.27it/s]
parse_acc: 0.0000, denotation_acc: 0.0000, lf_percent: 0.0000, loss: 8.0252 ||:  21%|##        | 205/977 [00:06<00:21, 35.46it/s]
parse_acc: 0.0000, denotation_acc: 0.0000, lf_percent: 0.0000, loss: 8.0229 ||:  21%|##1       | 209/977 [00:06<00:22, 34.83it/s]
parse_acc: 0.0000, denotation_acc: 0.0000, lf_percent: 0.0000, loss: 8.0787 ||:  22%|##1       | 213/977 [00:07<00:23, 32.97it/s]
parse_acc: 0.0000, denotation_acc: 0.0000, lf_percent: 0.0000, loss: 8.1133 ||:  22%|##2       | 217/977 [00:07<00:23, 32.15it/s]
parse_acc: 0.0000, denotation_acc: 0.0000, lf_percent: 0.0000, loss: 8.1048 ||:  23%|##2       | 221/977 [00:07<00:22, 34.09it/s]
parse_acc: 0.0000, denotation_acc: 0.0000, lf_percent: 0.0000, loss: 8.1001 ||:  23%|##3       | 225/977 [00:07<00:22, 33.51it/s]
parse_acc: 0.0000, denotation_acc: 0.0000, lf_percent: 0.0000, loss: 8.0721 ||:  23%|##3       | 229/977 [00:07<00:21, 34.38it/s]
parse_acc: 0.0000, denotation_acc: 0.0000, lf_percent: 0.0000, loss: 8.0367 ||:  24%|##3       | 233/977 [00:07<00:21, 34.49it/s]
parse_acc: 0.0000, denotation_acc: 0.0000, lf_percent: 0.0000, loss: 8.0004 ||:  24%|##4       | 238/977 [00:07<00:20, 35.60it/s]
parse_acc: 0.0000, denotation_acc: 0.0000, lf_percent: 0.0000, loss: 8.0203 ||:  25%|##4       | 242/977 [00:07<00:20, 35.21it/s]
parse_acc: 0.0000, denotation_acc: 0.0000, lf_percent: 0.0000, loss: 8.0052 ||:  25%|##5       | 246/977 [00:07<00:20, 35.56it/s]
parse_acc: 0.0000, denotation_acc: 0.0000, lf_percent: 0.0000, loss: 8.0238 ||:  26%|##5       | 250/977 [00:08<00:21, 33.18it/s]
parse_acc: 0.0000, denotation_acc: 0.0000, lf_percent: 0.0000, loss: 8.0066 ||:  26%|##5       | 254/977 [00:08<00:21, 33.59it/s]
parse_acc: 0.0000, denotation_acc: 0.0000, lf_percent: 0.0000, loss: 8.0335 ||:  26%|##6       | 258/977 [00:08<00:21, 33.93it/s]
parse_acc: 0.0000, denotation_acc: 0.0000, lf_percent: 0.0000, loss: 7.9847 ||:  27%|##6       | 262/977 [00:08<00:20, 34.77it/s]
parse_acc: 0.0000, denotation_acc: 0.0000, lf_percent: 0.0000, loss: 7.9726 ||:  27%|##7       | 266/977 [00:08<00:19, 36.09it/s]
parse_acc: 0.0000, denotation_acc: 0.0000, lf_percent: 0.0000, loss: 7.9905 ||:  28%|##7       | 270/977 [00:08<00:19, 36.24it/s]
parse_acc: 0.0000, denotation_acc: 0.0000, lf_percent: 0.0000, loss: 7.9771 ||:  28%|##8       | 274/977 [00:08<00:19, 35.88it/s]
parse_acc: 0.0000, denotation_acc: 0.0000, lf_percent: 0.0000, loss: 7.9721 ||:  28%|##8       | 278/977 [00:08<00:19, 35.46it/s]
parse_acc: 0.0000, denotation_acc: 0.0000, lf_percent: 0.0000, loss: 7.9565 ||:  29%|##8       | 282/977 [00:08<00:19, 34.84it/s]
parse_acc: 0.0000, denotation_acc: 0.0000, lf_percent: 0.0000, loss: 7.9769 ||:  29%|##9       | 286/977 [00:09<00:20, 34.39it/s]
parse_acc: 0.0000, denotation_acc: 0.0000, lf_percent: 0.0000, loss: 7.9538 ||:  30%|##9       | 290/977 [00:09<00:20, 33.99it/s]
parse_acc: 0.0000, denotation_acc: 0.0000, lf_percent: 0.0000, loss: 7.9305 ||:  30%|###       | 294/977 [00:09<00:19, 35.18it/s]
parse_acc: 0.0000, denotation_acc: 0.0000, lf_percent: 0.0000, loss: 7.9145 ||:  31%|###       | 298/977 [00:09<00:19, 35.32it/s]
parse_acc: 0.0000, denotation_acc: 0.0000, lf_percent: 0.0000, loss: 7.9128 ||:  31%|###       | 302/977 [00:09<00:18, 36.01it/s]
parse_acc: 0.0000, denotation_acc: 0.0000, lf_percent: 0.0000, loss: 7.9039 ||:  31%|###1      | 306/977 [00:09<00:18, 36.66it/s]
parse_acc: 0.0000, denotation_acc: 0.0000, lf_percent: 0.0000, loss: 7.9149 ||:  32%|###1      | 310/977 [00:09<00:18, 35.54it/s]
Traceback (most recent call last):
  File "//anaconda/envs/allennlp/lib/python3.6/runpy.py", line 193, in _run_module_as_main
    "__main__", mod_spec)
  File "//anaconda/envs/allennlp/lib/python3.6/runpy.py", line 85, in _run_code
    exec(code, run_globals)
  File "/Users/tafjord/gitroot/refactors/allennlp/allennlp/run.py", line 18, in <module>
    main(prog="allennlp")
  File "/Users/tafjord/gitroot/refactors/allennlp/allennlp/commands/__init__.py", line 72, in main
    args.func(args)
  File "/Users/tafjord/gitroot/refactors/allennlp/allennlp/commands/train.py", line 101, in train_model_from_args
    args.recover)
  File "/Users/tafjord/gitroot/refactors/allennlp/allennlp/commands/train.py", line 131, in train_model_from_file
    return train_model(params, serialization_dir, file_friendly_logging, recover)
  File "/Users/tafjord/gitroot/refactors/allennlp/allennlp/commands/train.py", line 321, in train_model
    metrics = trainer.train()
  File "/Users/tafjord/gitroot/refactors/allennlp/allennlp/training/trainer.py", line 749, in train
    train_metrics = self._train_epoch(epoch)
  File "/Users/tafjord/gitroot/refactors/allennlp/allennlp/training/trainer.py", line 493, in _train_epoch
    loss.backward()
  File "//anaconda/envs/allennlp/lib/python3.6/site-packages/torch/tensor.py", line 93, in backward
    torch.autograd.backward(self, gradient, retain_graph, create_graph)
  File "//anaconda/envs/allennlp/lib/python3.6/site-packages/torch/autograd/__init__.py", line 90, in backward
    allow_unreachable=True)  # allow_unreachable flag
KeyboardInterrupt
